[2019-04-04 15:53:08] local.ERROR: PDOException: SQLSTATE[HY000] [2002] Connection refused in /mnt/pos/vendor/doctrine/dbal/lib/Doctrine/DBAL/Driver/PDOConnection.php:43
Stack trace:
#0 /mnt/pos/vendor/doctrine/dbal/lib/Doctrine/DBAL/Driver/PDOConnection.php(43): PDO->__construct('mysql:host=127....', 'root', 'root', Array)
#1 /mnt/pos/vendor/laravel/framework/src/Illuminate/Database/Connectors/Connector.php(116): Doctrine\DBAL\Driver\PDOConnection->__construct('mysql:host=127....', 'root', 'root', Array)
#2 /mnt/pos/vendor/laravel/framework/src/Illuminate/Database/Connectors/Connector.php(56): Illuminate\Database\Connectors\Connector->createPdoConnection('mysql:host=127....', 'root', 'root', Array)
#3 /mnt/pos/vendor/laravel/framework/src/Illuminate/Database/Connectors/MySqlConnector.php(24): Illuminate\Database\Connectors\Connector->createConnection('mysql:host=127....', Array, Array)
#4 /mnt/pos/vendor/laravel/framework/src/Illuminate/Database/Connectors/ConnectionFactory.php(126): Illuminate\Database\Connectors\MySqlConnector->connect(Array)
#5 [internal function]: Illuminate\Database\Connectors\ConnectionFactory->Illuminate\Database\Connectors\{closure}()
#6 /mnt/pos/vendor/laravel/framework/src/Illuminate/Database/Connection.php(965): call_user_func(Object(Closure))
#7 /mnt/pos/vendor/laravel/framework/src/Illuminate/Database/Connection.php(986): Illuminate\Database\Connection->getPdo()
#8 /mnt/pos/vendor/laravel/framework/src/Illuminate/Database/Connection.php(423): Illuminate\Database\Connection->getReadPdo()
#9 /mnt/pos/vendor/laravel/framework/src/Illuminate/Database/Connection.php(333): Illuminate\Database\Connection->getPdoForSelect(true)
#10 /mnt/pos/vendor/laravel/framework/src/Illuminate/Database/Connection.php(763): Illuminate\Database\Connection->Illuminate\Database\{closure}(Object(Illuminate\Database\MySqlConnection), 'select * from `...', Array)
#11 /mnt/pos/vendor/laravel/framework/src/Illuminate/Database/Connection.php(726): Illuminate\Database\Connection->runQueryCallback('select * from `...', Array, Object(Closure))
#12 /mnt/pos/vendor/laravel/framework/src/Illuminate/Database/Connection.php(351): Illuminate\Database\Connection->run('select * from `...', Array, Object(Closure))
#13 /mnt/pos/vendor/laravel/framework/src/Illuminate/Database/Query/Builder.php(1648): Illuminate\Database\Connection->select('select * from `...', Array, true)
#14 /mnt/pos/vendor/laravel/framework/src/Illuminate/Database/Query/Builder.php(1634): Illuminate\Database\Query\Builder->runSelect()
#15 /mnt/pos/vendor/laravel/framework/src/Illuminate/Database/Eloquent/Builder.php(638): Illuminate\Database\Query\Builder->get(Array)
#16 /mnt/pos/vendor/laravel/framework/src/Illuminate/Database/Eloquent/Builder.php(327): Illuminate\Database\Eloquent\Builder->getModels(Array)
#17 /mnt/pos/app/Providers/AuthServiceProvider.php(39): Illuminate\Database\Eloquent\Builder->get()
#18 [internal function]: App\Providers\AuthServiceProvider->boot(Object(Illuminate\Auth\Access\Gate))
#19 /mnt/pos/vendor/laravel/framework/src/Illuminate/Container/Container.php(508): call_user_func_array(Array, Array)
#20 /mnt/pos/vendor/laravel/framework/src/Illuminate/Foundation/Application.php(782): Illuminate\Container\Container->call(Array)
#21 /mnt/pos/vendor/laravel/framework/src/Illuminate/Foundation/Application.php(765): Illuminate\Foundation\Application->bootProvider(Object(App\Providers\AuthServiceProvider))
#22 [internal function]: Illuminate\Foundation\Application->Illuminate\Foundation\{closure}(Object(App\Providers\AuthServiceProvider), 13)
#23 /mnt/pos/vendor/laravel/framework/src/Illuminate/Foundation/Application.php(766): array_walk(Array, Object(Closure))
#24 /mnt/pos/vendor/laravel/framework/src/Illuminate/Foundation/Bootstrap/BootProviders.php(17): Illuminate\Foundation\Application->boot()
#25 /mnt/pos/vendor/laravel/framework/src/Illuminate/Foundation/Application.php(214): Illuminate\Foundation\Bootstrap\BootProviders->bootstrap(Object(Illuminate\Foundation\Application))
#26 /mnt/pos/vendor/laravel/framework/src/Illuminate/Foundation/Http/Kernel.php(255): Illuminate\Foundation\Application->bootstrapWith(Array)
#27 /mnt/pos/vendor/laravel/framework/src/Illuminate/Foundation/Http/Kernel.php(146): Illuminate\Foundation\Http\Kernel->bootstrap()
#28 /mnt/pos/vendor/laravel/framework/src/Illuminate/Foundation/Http/Kernel.php(118): Illuminate\Foundation\Http\Kernel->sendRequestThroughRouter(Object(Illuminate\Http\Request))
#29 /mnt/pos/public/index.php(53): Illuminate\Foundation\Http\Kernel->handle(Object(Illuminate\Http\Request))
#30 {main}

Next Doctrine\DBAL\Driver\PDOException: SQLSTATE[HY000] [2002] Connection refused in /mnt/pos/vendor/doctrine/dbal/lib/Doctrine/DBAL/Driver/PDOConnection.php:47
Stack trace:
#0 /mnt/pos/vendor/laravel/framework/src/Illuminate/Database/Connectors/Connector.php(116): Doctrine\DBAL\Driver\PDOConnection->__construct('mysql:host=127....', 'root', 'root', Array)
#1 /mnt/pos/vendor/laravel/framework/src/Illuminate/Database/Connectors/Connector.php(56): Illuminate\Database\Connectors\Connector->createPdoConnection('mysql:host=127....', 'root', 'root', Array)
#2 /mnt/pos/vendor/laravel/framework/src/Illuminate/Database/Connectors/MySqlConnector.php(24): Illuminate\Database\Connectors\Connector->createConnection('mysql:host=127....', Array, Array)
#3 /mnt/pos/vendor/laravel/framework/src/Illuminate/Database/Connectors/ConnectionFactory.php(126): Illuminate\Database\Connectors\MySqlConnector->connect(Array)
#4 [internal function]: Illuminate\Database\Connectors\ConnectionFactory->Illuminate\Database\Connectors\{closure}()
#5 /mnt/pos/vendor/laravel/framework/src/Illuminate/Database/Connection.php(965): call_user_func(Object(Closure))
#6 /mnt/pos/vendor/laravel/framework/src/Illuminate/Database/Connection.php(986): Illuminate\Database\Connection->getPdo()
#7 /mnt/pos/vendor/laravel/framework/src/Illuminate/Database/Connection.php(423): Illuminate\Database\Connection->getReadPdo()
#8 /mnt/pos/vendor/laravel/framework/src/Illuminate/Database/Connection.php(333): Illuminate\Database\Connection->getPdoForSelect(true)
#9 /mnt/pos/vendor/laravel/framework/src/Illuminate/Database/Connection.php(763): Illuminate\Database\Connection->Illuminate\Database\{closure}(Object(Illuminate\Database\MySqlConnection), 'select * from `...', Array)
#10 /mnt/pos/vendor/laravel/framework/src/Illuminate/Database/Connection.php(726): Illuminate\Database\Connection->runQueryCallback('select * from `...', Array, Object(Closure))
#11 /mnt/pos/vendor/laravel/framework/src/Illuminate/Database/Connection.php(351): Illuminate\Database\Connection->run('select * from `...', Array, Object(Closure))
#12 /mnt/pos/vendor/laravel/framework/src/Illuminate/Database/Query/Builder.php(1648): Illuminate\Database\Connection->select('select * from `...', Array, true)
#13 /mnt/pos/vendor/laravel/framework/src/Illuminate/Database/Query/Builder.php(1634): Illuminate\Database\Query\Builder->runSelect()
#14 /mnt/pos/vendor/laravel/framework/src/Illuminate/Database/Eloquent/Builder.php(638): Illuminate\Database\Query\Builder->get(Array)
#15 /mnt/pos/vendor/laravel/framework/src/Illuminate/Database/Eloquent/Builder.php(327): Illuminate\Database\Eloquent\Builder->getModels(Array)
#16 /mnt/pos/app/Providers/AuthServiceProvider.php(39): Illuminate\Database\Eloquent\Builder->get()
#17 [internal function]: App\Providers\AuthServiceProvider->boot(Object(Illuminate\Auth\Access\Gate))
#18 /mnt/pos/vendor/laravel/framework/src/Illuminate/Container/Container.php(508): call_user_func_array(Array, Array)
#19 /mnt/pos/vendor/laravel/framework/src/Illuminate/Foundation/Application.php(782): Illuminate\Container\Container->call(Array)
#20 /mnt/pos/vendor/laravel/framework/src/Illuminate/Foundation/Application.php(765): Illuminate\Foundation\Application->bootProvider(Object(App\Providers\AuthServiceProvider))
#21 [internal function]: Illuminate\Foundation\Application->Illuminate\Foundation\{closure}(Object(App\Providers\AuthServiceProvider), 13)
#22 /mnt/pos/vendor/laravel/framework/src/Illuminate/Foundation/Application.php(766): array_walk(Array, Object(Closure))
#23 /mnt/pos/vendor/laravel/framework/src/Illuminate/Foundation/Bootstrap/BootProviders.php(17): Illuminate\Foundation\Application->boot()
#24 /mnt/pos/vendor/laravel/framework/src/Illuminate/Foundation/Application.php(214): Illuminate\Foundation\Bootstrap\BootProviders->bootstrap(Object(Illuminate\Foundation\Application))
#25 /mnt/pos/vendor/laravel/framework/src/Illuminate/Foundation/Http/Kernel.php(255): Illuminate\Foundation\Application->bootstrapWith(Array)
#26 /mnt/pos/vendor/laravel/framework/src/Illuminate/Foundation/Http/Kernel.php(146): Illuminate\Foundation\Http\Kernel->bootstrap()
#27 /mnt/pos/vendor/laravel/framework/src/Illuminate/Foundation/Http/Kernel.php(118): Illuminate\Foundation\Http\Kernel->sendRequestThroughRouter(Object(Illuminate\Http\Request))
#28 /mnt/pos/public/index.php(53): Illuminate\Foundation\Http\Kernel->handle(Object(Illuminate\Http\Request))
#29 {main}  
[2019-04-04 15:53:08] local.ERROR: PDOException: SQLSTATE[HY000] [2002] Connection refused in /mnt/pos/vendor/doctrine/dbal/lib/Doctrine/DBAL/Driver/PDOConnection.php:43
Stack trace:
#0 /mnt/pos/vendor/doctrine/dbal/lib/Doctrine/DBAL/Driver/PDOConnection.php(43): PDO->__construct('mysql:host=127....', 'root', 'root', Array)
#1 /mnt/pos/vendor/laravel/framework/src/Illuminate/Database/Connectors/Connector.php(116): Doctrine\DBAL\Driver\PDOConnection->__construct('mysql:host=127....', 'root', 'root', Array)
#2 /mnt/pos/vendor/laravel/framework/src/Illuminate/Database/Connectors/Connector.php(56): Illuminate\Database\Connectors\Connector->createPdoConnection('mysql:host=127....', 'root', 'root', Array)
#3 /mnt/pos/vendor/laravel/framework/src/Illuminate/Database/Connectors/MySqlConnector.php(24): Illuminate\Database\Connectors\Connector->createConnection('mysql:host=127....', Array, Array)
#4 /mnt/pos/vendor/laravel/framework/src/Illuminate/Database/Connectors/ConnectionFactory.php(126): Illuminate\Database\Connectors\MySqlConnector->connect(Array)
#5 [internal function]: Illuminate\Database\Connectors\ConnectionFactory->Illuminate\Database\Connectors\{closure}()
#6 /mnt/pos/vendor/laravel/framework/src/Illuminate/Database/Connection.php(965): call_user_func(Object(Closure))
#7 /mnt/pos/vendor/laravel/framework/src/Illuminate/Database/Connection.php(986): Illuminate\Database\Connection->getPdo()
#8 /mnt/pos/vendor/laravel/framework/src/Illuminate/Database/Connection.php(423): Illuminate\Database\Connection->getReadPdo()
#9 /mnt/pos/vendor/laravel/framework/src/Illuminate/Database/Connection.php(333): Illuminate\Database\Connection->getPdoForSelect(true)
#10 /mnt/pos/vendor/laravel/framework/src/Illuminate/Database/Connection.php(763): Illuminate\Database\Connection->Illuminate\Database\{closure}(Object(Illuminate\Database\MySqlConnection), 'select * from `...', Array)
#11 /mnt/pos/vendor/laravel/framework/src/Illuminate/Database/Connection.php(726): Illuminate\Database\Connection->runQueryCallback('select * from `...', Array, Object(Closure))
#12 /mnt/pos/vendor/laravel/framework/src/Illuminate/Database/Connection.php(351): Illuminate\Database\Connection->run('select * from `...', Array, Object(Closure))
#13 /mnt/pos/vendor/laravel/framework/src/Illuminate/Database/Query/Builder.php(1648): Illuminate\Database\Connection->select('select * from `...', Array, true)
#14 /mnt/pos/vendor/laravel/framework/src/Illuminate/Database/Query/Builder.php(1634): Illuminate\Database\Query\Builder->runSelect()
#15 /mnt/pos/vendor/laravel/framework/src/Illuminate/Database/Eloquent/Builder.php(638): Illuminate\Database\Query\Builder->get(Array)
#16 /mnt/pos/vendor/laravel/framework/src/Illuminate/Database/Eloquent/Builder.php(327): Illuminate\Database\Eloquent\Builder->getModels(Array)
#17 /mnt/pos/app/Providers/AuthServiceProvider.php(39): Illuminate\Database\Eloquent\Builder->get()
#18 [internal function]: App\Providers\AuthServiceProvider->boot(Object(Illuminate\Auth\Access\Gate))
#19 /mnt/pos/vendor/laravel/framework/src/Illuminate/Container/Container.php(508): call_user_func_array(Array, Array)
#20 /mnt/pos/vendor/laravel/framework/src/Illuminate/Foundation/Application.php(782): Illuminate\Container\Container->call(Array)
#21 /mnt/pos/vendor/laravel/framework/src/Illuminate/Foundation/Application.php(765): Illuminate\Foundation\Application->bootProvider(Object(App\Providers\AuthServiceProvider))
#22 [internal function]: Illuminate\Foundation\Application->Illuminate\Foundation\{closure}(Object(App\Providers\AuthServiceProvider), 13)
#23 /mnt/pos/vendor/laravel/framework/src/Illuminate/Foundation/Application.php(766): array_walk(Array, Object(Closure))
#24 /mnt/pos/vendor/laravel/framework/src/Illuminate/Foundation/Bootstrap/BootProviders.php(17): Illuminate\Foundation\Application->boot()
#25 /mnt/pos/vendor/laravel/framework/src/Illuminate/Foundation/Application.php(214): Illuminate\Foundation\Bootstrap\BootProviders->bootstrap(Object(Illuminate\Foundation\Application))
#26 /mnt/pos/vendor/laravel/framework/src/Illuminate/Foundation/Http/Kernel.php(255): Illuminate\Foundation\Application->bootstrapWith(Array)
#27 /mnt/pos/vendor/laravel/framework/src/Illuminate/Foundation/Http/Kernel.php(146): Illuminate\Foundation\Http\Kernel->bootstrap()
#28 /mnt/pos/vendor/laravel/framework/src/Illuminate/Foundation/Http/Kernel.php(118): Illuminate\Foundation\Http\Kernel->sendRequestThroughRouter(Object(Illuminate\Http\Request))
#29 /mnt/pos/public/index.php(53): Illuminate\Foundation\Http\Kernel->handle(Object(Illuminate\Http\Request))
#30 {main}

Next Doctrine\DBAL\Driver\PDOException: SQLSTATE[HY000] [2002] Connection refused in /mnt/pos/vendor/doctrine/dbal/lib/Doctrine/DBAL/Driver/PDOConnection.php:47
Stack trace:
#0 /mnt/pos/vendor/laravel/framework/src/Illuminate/Database/Connectors/Connector.php(116): Doctrine\DBAL\Driver\PDOConnection->__construct('mysql:host=127....', 'root', 'root', Array)
#1 /mnt/pos/vendor/laravel/framework/src/Illuminate/Database/Connectors/Connector.php(56): Illuminate\Database\Connectors\Connector->createPdoConnection('mysql:host=127....', 'root', 'root', Array)
#2 /mnt/pos/vendor/laravel/framework/src/Illuminate/Database/Connectors/MySqlConnector.php(24): Illuminate\Database\Connectors\Connector->createConnection('mysql:host=127....', Array, Array)
#3 /mnt/pos/vendor/laravel/framework/src/Illuminate/Database/Connectors/ConnectionFactory.php(126): Illuminate\Database\Connectors\MySqlConnector->connect(Array)
#4 [internal function]: Illuminate\Database\Connectors\ConnectionFactory->Illuminate\Database\Connectors\{closure}()
#5 /mnt/pos/vendor/laravel/framework/src/Illuminate/Database/Connection.php(965): call_user_func(Object(Closure))
#6 /mnt/pos/vendor/laravel/framework/src/Illuminate/Database/Connection.php(986): Illuminate\Database\Connection->getPdo()
#7 /mnt/pos/vendor/laravel/framework/src/Illuminate/Database/Connection.php(423): Illuminate\Database\Connection->getReadPdo()
#8 /mnt/pos/vendor/laravel/framework/src/Illuminate/Database/Connection.php(333): Illuminate\Database\Connection->getPdoForSelect(true)
#9 /mnt/pos/vendor/laravel/framework/src/Illuminate/Database/Connection.php(763): Illuminate\Database\Connection->Illuminate\Database\{closure}(Object(Illuminate\Database\MySqlConnection), 'select * from `...', Array)
#10 /mnt/pos/vendor/laravel/framework/src/Illuminate/Database/Connection.php(726): Illuminate\Database\Connection->runQueryCallback('select * from `...', Array, Object(Closure))
#11 /mnt/pos/vendor/laravel/framework/src/Illuminate/Database/Connection.php(351): Illuminate\Database\Connection->run('select * from `...', Array, Object(Closure))
#12 /mnt/pos/vendor/laravel/framework/src/Illuminate/Database/Query/Builder.php(1648): Illuminate\Database\Connection->select('select * from `...', Array, true)
#13 /mnt/pos/vendor/laravel/framework/src/Illuminate/Database/Query/Builder.php(1634): Illuminate\Database\Query\Builder->runSelect()
#14 /mnt/pos/vendor/laravel/framework/src/Illuminate/Database/Eloquent/Builder.php(638): Illuminate\Database\Query\Builder->get(Array)
#15 /mnt/pos/vendor/laravel/framework/src/Illuminate/Database/Eloquent/Builder.php(327): Illuminate\Database\Eloquent\Builder->getModels(Array)
#16 /mnt/pos/app/Providers/AuthServiceProvider.php(39): Illuminate\Database\Eloquent\Builder->get()
#17 [internal function]: App\Providers\AuthServiceProvider->boot(Object(Illuminate\Auth\Access\Gate))
#18 /mnt/pos/vendor/laravel/framework/src/Illuminate/Container/Container.php(508): call_user_func_array(Array, Array)
#19 /mnt/pos/vendor/laravel/framework/src/Illuminate/Foundation/Application.php(782): Illuminate\Container\Container->call(Array)
#20 /mnt/pos/vendor/laravel/framework/src/Illuminate/Foundation/Application.php(765): Illuminate\Foundation\Application->bootProvider(Object(App\Providers\AuthServiceProvider))
#21 [internal function]: Illuminate\Foundation\Application->Illuminate\Foundation\{closure}(Object(App\Providers\AuthServiceProvider), 13)
#22 /mnt/pos/vendor/laravel/framework/src/Illuminate/Foundation/Application.php(766): array_walk(Array, Object(Closure))
#23 /mnt/pos/vendor/laravel/framework/src/Illuminate/Foundation/Bootstrap/BootProviders.php(17): Illuminate\Foundation\Application->boot()
#24 /mnt/pos/vendor/laravel/framework/src/Illuminate/Foundation/Application.php(214): Illuminate\Foundation\Bootstrap\BootProviders->bootstrap(Object(Illuminate\Foundation\Application))
#25 /mnt/pos/vendor/laravel/framework/src/Illuminate/Foundation/Http/Kernel.php(255): Illuminate\Foundation\Application->bootstrapWith(Array)
#26 /mnt/pos/vendor/laravel/framework/src/Illuminate/Foundation/Http/Kernel.php(146): Illuminate\Foundation\Http\Kernel->bootstrap()
#27 /mnt/pos/vendor/laravel/framework/src/Illuminate/Foundation/Http/Kernel.php(118): Illuminate\Foundation\Http\Kernel->sendRequestThroughRouter(Object(Illuminate\Http\Request))
#28 /mnt/pos/public/index.php(53): Illuminate\Foundation\Http\Kernel->handle(Object(Illuminate\Http\Request))
#29 {main}

Next Illuminate\Database\QueryException: SQLSTATE[HY000] [2002] Connection refused (SQL: select * from `admin_permissions`) in /mnt/pos/vendor/laravel/framework/src/Illuminate/Database/Connection.php:770
Stack trace:
#0 /mnt/pos/vendor/laravel/framework/src/Illuminate/Database/Connection.php(726): Illuminate\Database\Connection->runQueryCallback('select * from `...', Array, Object(Closure))
#1 /mnt/pos/vendor/laravel/framework/src/Illuminate/Database/Connection.php(351): Illuminate\Database\Connection->run('select * from `...', Array, Object(Closure))
#2 /mnt/pos/vendor/laravel/framework/src/Illuminate/Database/Query/Builder.php(1648): Illuminate\Database\Connection->select('select * from `...', Array, true)
#3 /mnt/pos/vendor/laravel/framework/src/Illuminate/Database/Query/Builder.php(1634): Illuminate\Database\Query\Builder->runSelect()
#4 /mnt/pos/vendor/laravel/framework/src/Illuminate/Database/Eloquent/Builder.php(638): Illuminate\Database\Query\Builder->get(Array)
#5 /mnt/pos/vendor/laravel/framework/src/Illuminate/Database/Eloquent/Builder.php(327): Illuminate\Database\Eloquent\Builder->getModels(Array)
#6 /mnt/pos/app/Providers/AuthServiceProvider.php(39): Illuminate\Database\Eloquent\Builder->get()
#7 [internal function]: App\Providers\AuthServiceProvider->boot(Object(Illuminate\Auth\Access\Gate))
#8 /mnt/pos/vendor/laravel/framework/src/Illuminate/Container/Container.php(508): call_user_func_array(Array, Array)
#9 /mnt/pos/vendor/laravel/framework/src/Illuminate/Foundation/Application.php(782): Illuminate\Container\Container->call(Array)
#10 /mnt/pos/vendor/laravel/framework/src/Illuminate/Foundation/Application.php(765): Illuminate\Foundation\Application->bootProvider(Object(App\Providers\AuthServiceProvider))
#11 [internal function]: Illuminate\Foundation\Application->Illuminate\Foundation\{closure}(Object(App\Providers\AuthServiceProvider), 13)
#12 /mnt/pos/vendor/laravel/framework/src/Illuminate/Foundation/Application.php(766): array_walk(Array, Object(Closure))
#13 /mnt/pos/vendor/laravel/framework/src/Illuminate/Foundation/Bootstrap/BootProviders.php(17): Illuminate\Foundation\Application->boot()
#14 /mnt/pos/vendor/laravel/framework/src/Illuminate/Foundation/Application.php(214): Illuminate\Foundation\Bootstrap\BootProviders->bootstrap(Object(Illuminate\Foundation\Application))
#15 /mnt/pos/vendor/laravel/framework/src/Illuminate/Foundation/Http/Kernel.php(255): Illuminate\Foundation\Application->bootstrapWith(Array)
#16 /mnt/pos/vendor/laravel/framework/src/Illuminate/Foundation/Http/Kernel.php(146): Illuminate\Foundation\Http\Kernel->bootstrap()
#17 /mnt/pos/vendor/laravel/framework/src/Illuminate/Foundation/Http/Kernel.php(118): Illuminate\Foundation\Http\Kernel->sendRequestThroughRouter(Object(Illuminate\Http\Request))
#18 /mnt/pos/public/index.php(53): Illuminate\Foundation\Http\Kernel->handle(Object(Illuminate\Http\Request))
#19 {main}  
