[2019-04-08 10:40:06] local.ERROR: Symfony\Component\Console\Exception\CommandNotFoundException: Command "make" is not defined.

Did you mean one of these?
    make:notification
    make:controller
    make:middleware
    make:migration
    make:listener
    make:provider
    make:command
    make:request
    make:policy
    make:seeder
    make:event
    make:model
    make:auth
    make:mail
    make:test
    make:job in /mnt/pos/vendor/symfony/console/Application.php:534
Stack trace:
#0 /mnt/pos/vendor/symfony/console/Application.php(182): Symfony\Component\Console\Application->find('make')
#1 /mnt/pos/vendor/symfony/console/Application.php(116): Symfony\Component\Console\Application->doRun(Object(Symfony\Component\Console\Input\ArgvInput), Object(Symfony\Component\Console\Output\ConsoleOutput))
#2 /mnt/pos/vendor/laravel/framework/src/Illuminate/Foundation/Console/Kernel.php(121): Symfony\Component\Console\Application->run(Object(Symfony\Component\Console\Input\ArgvInput), Object(Symfony\Component\Console\Output\ConsoleOutput))
#3 /mnt/pos/artisan(35): Illuminate\Foundation\Console\Kernel->handle(Object(Symfony\Component\Console\Input\ArgvInput), Object(Symfony\Component\Console\Output\ConsoleOutput))
#4 {main}  
[2019-04-08 10:57:12] local.ERROR: BadMethodCallException: Method mapPosRoutes does not exist. in /mnt/pos/vendor/laravel/framework/src/Illuminate/Support/Traits/Macroable.php:74
Stack trace:
#0 [internal function]: Illuminate\Routing\Router->__call('mapPosRoutes', Array)
#1 /mnt/pos/vendor/laravel/framework/src/Illuminate/Foundation/Support/Providers/RouteServiceProvider.php(111): call_user_func_array(Array, Array)
#2 /mnt/pos/app/Providers/RouteServiceProvider.php(40): Illuminate\Foundation\Support\Providers\RouteServiceProvider->__call('mapPosRoutes', Array)
#3 [internal function]: App\Providers\RouteServiceProvider->map()
#4 /mnt/pos/vendor/laravel/framework/src/Illuminate/Container/Container.php(508): call_user_func_array(Array, Array)
#5 /mnt/pos/vendor/laravel/framework/src/Illuminate/Foundation/Support/Providers/RouteServiceProvider.php(69): Illuminate\Container\Container->call(Array)
#6 /mnt/pos/vendor/laravel/framework/src/Illuminate/Foundation/Support/Providers/RouteServiceProvider.php(30): Illuminate\Foundation\Support\Providers\RouteServiceProvider->loadRoutes()
#7 /mnt/pos/app/Providers/RouteServiceProvider.php(28): Illuminate\Foundation\Support\Providers\RouteServiceProvider->boot()
#8 [internal function]: App\Providers\RouteServiceProvider->boot()
#9 /mnt/pos/vendor/laravel/framework/src/Illuminate/Container/Container.php(508): call_user_func_array(Array, Array)
#10 /mnt/pos/vendor/laravel/framework/src/Illuminate/Foundation/Application.php(782): Illuminate\Container\Container->call(Array)
#11 /mnt/pos/vendor/laravel/framework/src/Illuminate/Foundation/Application.php(765): Illuminate\Foundation\Application->bootProvider(Object(App\Providers\RouteServiceProvider))
#12 [internal function]: Illuminate\Foundation\Application->Illuminate\Foundation\{closure}(Object(App\Providers\RouteServiceProvider), 15)
#13 /mnt/pos/vendor/laravel/framework/src/Illuminate/Foundation/Application.php(766): array_walk(Array, Object(Closure))
#14 /mnt/pos/vendor/laravel/framework/src/Illuminate/Foundation/Bootstrap/BootProviders.php(17): Illuminate\Foundation\Application->boot()
#15 /mnt/pos/vendor/laravel/framework/src/Illuminate/Foundation/Application.php(214): Illuminate\Foundation\Bootstrap\BootProviders->bootstrap(Object(Illuminate\Foundation\Application))
#16 /mnt/pos/vendor/laravel/framework/src/Illuminate/Foundation/Http/Kernel.php(255): Illuminate\Foundation\Application->bootstrapWith(Array)
#17 /mnt/pos/vendor/laravel/framework/src/Illuminate/Foundation/Http/Kernel.php(146): Illuminate\Foundation\Http\Kernel->bootstrap()
#18 /mnt/pos/vendor/laravel/framework/src/Illuminate/Foundation/Http/Kernel.php(118): Illuminate\Foundation\Http\Kernel->sendRequestThroughRouter(Object(Illuminate\Http\Request))
#19 /mnt/pos/public/index.php(53): Illuminate\Foundation\Http\Kernel->handle(Object(Illuminate\Http\Request))
#20 {main}  
[2019-04-08 10:57:18] local.ERROR: BadMethodCallException: Method mapPosRoutes does not exist. in /mnt/pos/vendor/laravel/framework/src/Illuminate/Support/Traits/Macroable.php:74
Stack trace:
#0 [internal function]: Illuminate\Routing\Router->__call('mapPosRoutes', Array)
#1 /mnt/pos/vendor/laravel/framework/src/Illuminate/Foundation/Support/Providers/RouteServiceProvider.php(111): call_user_func_array(Array, Array)
#2 /mnt/pos/app/Providers/RouteServiceProvider.php(40): Illuminate\Foundation\Support\Providers\RouteServiceProvider->__call('mapPosRoutes', Array)
#3 [internal function]: App\Providers\RouteServiceProvider->map()
#4 /mnt/pos/vendor/laravel/framework/src/Illuminate/Container/Container.php(508): call_user_func_array(Array, Array)
#5 /mnt/pos/vendor/laravel/framework/src/Illuminate/Foundation/Support/Providers/RouteServiceProvider.php(69): Illuminate\Container\Container->call(Array)
#6 /mnt/pos/vendor/laravel/framework/src/Illuminate/Foundation/Support/Providers/RouteServiceProvider.php(30): Illuminate\Foundation\Support\Providers\RouteServiceProvider->loadRoutes()
#7 /mnt/pos/app/Providers/RouteServiceProvider.php(28): Illuminate\Foundation\Support\Providers\RouteServiceProvider->boot()
#8 [internal function]: App\Providers\RouteServiceProvider->boot()
#9 /mnt/pos/vendor/laravel/framework/src/Illuminate/Container/Container.php(508): call_user_func_array(Array, Array)
#10 /mnt/pos/vendor/laravel/framework/src/Illuminate/Foundation/Application.php(782): Illuminate\Container\Container->call(Array)
#11 /mnt/pos/vendor/laravel/framework/src/Illuminate/Foundation/Application.php(765): Illuminate\Foundation\Application->bootProvider(Object(App\Providers\RouteServiceProvider))
#12 [internal function]: Illuminate\Foundation\Application->Illuminate\Foundation\{closure}(Object(App\Providers\RouteServiceProvider), 15)
#13 /mnt/pos/vendor/laravel/framework/src/Illuminate/Foundation/Application.php(766): array_walk(Array, Object(Closure))
#14 /mnt/pos/vendor/laravel/framework/src/Illuminate/Foundation/Bootstrap/BootProviders.php(17): Illuminate\Foundation\Application->boot()
#15 /mnt/pos/vendor/laravel/framework/src/Illuminate/Foundation/Application.php(214): Illuminate\Foundation\Bootstrap\BootProviders->bootstrap(Object(Illuminate\Foundation\Application))
#16 /mnt/pos/vendor/laravel/framework/src/Illuminate/Foundation/Http/Kernel.php(255): Illuminate\Foundation\Application->bootstrapWith(Array)
#17 /mnt/pos/vendor/laravel/framework/src/Illuminate/Foundation/Http/Kernel.php(146): Illuminate\Foundation\Http\Kernel->bootstrap()
#18 /mnt/pos/vendor/laravel/framework/src/Illuminate/Foundation/Http/Kernel.php(118): Illuminate\Foundation\Http\Kernel->sendRequestThroughRouter(Object(Illuminate\Http\Request))
#19 /mnt/pos/public/index.php(53): Illuminate\Foundation\Http\Kernel->handle(Object(Illuminate\Http\Request))
#20 {main}  
[2019-04-08 10:57:19] local.ERROR: BadMethodCallException: Method mapPosRoutes does not exist. in /mnt/pos/vendor/laravel/framework/src/Illuminate/Support/Traits/Macroable.php:74
Stack trace:
#0 [internal function]: Illuminate\Routing\Router->__call('mapPosRoutes', Array)
#1 /mnt/pos/vendor/laravel/framework/src/Illuminate/Foundation/Support/Providers/RouteServiceProvider.php(111): call_user_func_array(Array, Array)
#2 /mnt/pos/app/Providers/RouteServiceProvider.php(40): Illuminate\Foundation\Support\Providers\RouteServiceProvider->__call('mapPosRoutes', Array)
#3 [internal function]: App\Providers\RouteServiceProvider->map()
#4 /mnt/pos/vendor/laravel/framework/src/Illuminate/Container/Container.php(508): call_user_func_array(Array, Array)
#5 /mnt/pos/vendor/laravel/framework/src/Illuminate/Foundation/Support/Providers/RouteServiceProvider.php(69): Illuminate\Container\Container->call(Array)
#6 /mnt/pos/vendor/laravel/framework/src/Illuminate/Foundation/Support/Providers/RouteServiceProvider.php(30): Illuminate\Foundation\Support\Providers\RouteServiceProvider->loadRoutes()
#7 /mnt/pos/app/Providers/RouteServiceProvider.php(28): Illuminate\Foundation\Support\Providers\RouteServiceProvider->boot()
#8 [internal function]: App\Providers\RouteServiceProvider->boot()
#9 /mnt/pos/vendor/laravel/framework/src/Illuminate/Container/Container.php(508): call_user_func_array(Array, Array)
#10 /mnt/pos/vendor/laravel/framework/src/Illuminate/Foundation/Application.php(782): Illuminate\Container\Container->call(Array)
#11 /mnt/pos/vendor/laravel/framework/src/Illuminate/Foundation/Application.php(765): Illuminate\Foundation\Application->bootProvider(Object(App\Providers\RouteServiceProvider))
#12 [internal function]: Illuminate\Foundation\Application->Illuminate\Foundation\{closure}(Object(App\Providers\RouteServiceProvider), 15)
#13 /mnt/pos/vendor/laravel/framework/src/Illuminate/Foundation/Application.php(766): array_walk(Array, Object(Closure))
#14 /mnt/pos/vendor/laravel/framework/src/Illuminate/Foundation/Bootstrap/BootProviders.php(17): Illuminate\Foundation\Application->boot()
#15 /mnt/pos/vendor/laravel/framework/src/Illuminate/Foundation/Application.php(214): Illuminate\Foundation\Bootstrap\BootProviders->bootstrap(Object(Illuminate\Foundation\Application))
#16 /mnt/pos/vendor/laravel/framework/src/Illuminate/Foundation/Http/Kernel.php(255): Illuminate\Foundation\Application->bootstrapWith(Array)
#17 /mnt/pos/vendor/laravel/framework/src/Illuminate/Foundation/Http/Kernel.php(146): Illuminate\Foundation\Http\Kernel->bootstrap()
#18 /mnt/pos/vendor/laravel/framework/src/Illuminate/Foundation/Http/Kernel.php(118): Illuminate\Foundation\Http\Kernel->sendRequestThroughRouter(Object(Illuminate\Http\Request))
#19 /mnt/pos/public/index.php(53): Illuminate\Foundation\Http\Kernel->handle(Object(Illuminate\Http\Request))
#20 {main}  
[2019-04-08 10:57:24] local.ERROR: BadMethodCallException: Method mapPosRoutes does not exist. in /mnt/pos/vendor/laravel/framework/src/Illuminate/Support/Traits/Macroable.php:74
Stack trace:
#0 [internal function]: Illuminate\Routing\Router->__call('mapPosRoutes', Array)
#1 /mnt/pos/vendor/laravel/framework/src/Illuminate/Foundation/Support/Providers/RouteServiceProvider.php(111): call_user_func_array(Array, Array)
#2 /mnt/pos/app/Providers/RouteServiceProvider.php(40): Illuminate\Foundation\Support\Providers\RouteServiceProvider->__call('mapPosRoutes', Array)
#3 [internal function]: App\Providers\RouteServiceProvider->map()
#4 /mnt/pos/vendor/laravel/framework/src/Illuminate/Container/Container.php(508): call_user_func_array(Array, Array)
#5 /mnt/pos/vendor/laravel/framework/src/Illuminate/Foundation/Support/Providers/RouteServiceProvider.php(69): Illuminate\Container\Container->call(Array)
#6 /mnt/pos/vendor/laravel/framework/src/Illuminate/Foundation/Support/Providers/RouteServiceProvider.php(30): Illuminate\Foundation\Support\Providers\RouteServiceProvider->loadRoutes()
#7 /mnt/pos/app/Providers/RouteServiceProvider.php(28): Illuminate\Foundation\Support\Providers\RouteServiceProvider->boot()
#8 [internal function]: App\Providers\RouteServiceProvider->boot()
#9 /mnt/pos/vendor/laravel/framework/src/Illuminate/Container/Container.php(508): call_user_func_array(Array, Array)
#10 /mnt/pos/vendor/laravel/framework/src/Illuminate/Foundation/Application.php(782): Illuminate\Container\Container->call(Array)
#11 /mnt/pos/vendor/laravel/framework/src/Illuminate/Foundation/Application.php(765): Illuminate\Foundation\Application->bootProvider(Object(App\Providers\RouteServiceProvider))
#12 [internal function]: Illuminate\Foundation\Application->Illuminate\Foundation\{closure}(Object(App\Providers\RouteServiceProvider), 15)
#13 /mnt/pos/vendor/laravel/framework/src/Illuminate/Foundation/Application.php(766): array_walk(Array, Object(Closure))
#14 /mnt/pos/vendor/laravel/framework/src/Illuminate/Foundation/Bootstrap/BootProviders.php(17): Illuminate\Foundation\Application->boot()
#15 /mnt/pos/vendor/laravel/framework/src/Illuminate/Foundation/Application.php(214): Illuminate\Foundation\Bootstrap\BootProviders->bootstrap(Object(Illuminate\Foundation\Application))
#16 /mnt/pos/vendor/laravel/framework/src/Illuminate/Foundation/Http/Kernel.php(255): Illuminate\Foundation\Application->bootstrapWith(Array)
#17 /mnt/pos/vendor/laravel/framework/src/Illuminate/Foundation/Http/Kernel.php(146): Illuminate\Foundation\Http\Kernel->bootstrap()
#18 /mnt/pos/vendor/laravel/framework/src/Illuminate/Foundation/Http/Kernel.php(118): Illuminate\Foundation\Http\Kernel->sendRequestThroughRouter(Object(Illuminate\Http\Request))
#19 /mnt/pos/public/index.php(53): Illuminate\Foundation\Http\Kernel->handle(Object(Illuminate\Http\Request))
#20 {main}  
[2019-04-08 10:57:35] local.ERROR: BadMethodCallException: Method mapPosRoutes does not exist. in /mnt/pos/vendor/laravel/framework/src/Illuminate/Support/Traits/Macroable.php:74
Stack trace:
#0 [internal function]: Illuminate\Routing\Router->__call('mapPosRoutes', Array)
#1 /mnt/pos/vendor/laravel/framework/src/Illuminate/Foundation/Support/Providers/RouteServiceProvider.php(111): call_user_func_array(Array, Array)
#2 /mnt/pos/app/Providers/RouteServiceProvider.php(40): Illuminate\Foundation\Support\Providers\RouteServiceProvider->__call('mapPosRoutes', Array)
#3 [internal function]: App\Providers\RouteServiceProvider->map()
#4 /mnt/pos/vendor/laravel/framework/src/Illuminate/Container/Container.php(508): call_user_func_array(Array, Array)
#5 /mnt/pos/vendor/laravel/framework/src/Illuminate/Foundation/Support/Providers/RouteServiceProvider.php(69): Illuminate\Container\Container->call(Array)
#6 /mnt/pos/vendor/laravel/framework/src/Illuminate/Foundation/Support/Providers/RouteServiceProvider.php(30): Illuminate\Foundation\Support\Providers\RouteServiceProvider->loadRoutes()
#7 /mnt/pos/app/Providers/RouteServiceProvider.php(28): Illuminate\Foundation\Support\Providers\RouteServiceProvider->boot()
#8 [internal function]: App\Providers\RouteServiceProvider->boot()
#9 /mnt/pos/vendor/laravel/framework/src/Illuminate/Container/Container.php(508): call_user_func_array(Array, Array)
#10 /mnt/pos/vendor/laravel/framework/src/Illuminate/Foundation/Application.php(782): Illuminate\Container\Container->call(Array)
#11 /mnt/pos/vendor/laravel/framework/src/Illuminate/Foundation/Application.php(765): Illuminate\Foundation\Application->bootProvider(Object(App\Providers\RouteServiceProvider))
#12 [internal function]: Illuminate\Foundation\Application->Illuminate\Foundation\{closure}(Object(App\Providers\RouteServiceProvider), 15)
#13 /mnt/pos/vendor/laravel/framework/src/Illuminate/Foundation/Application.php(766): array_walk(Array, Object(Closure))
#14 /mnt/pos/vendor/laravel/framework/src/Illuminate/Foundation/Bootstrap/BootProviders.php(17): Illuminate\Foundation\Application->boot()
#15 /mnt/pos/vendor/laravel/framework/src/Illuminate/Foundation/Application.php(214): Illuminate\Foundation\Bootstrap\BootProviders->bootstrap(Object(Illuminate\Foundation\Application))
#16 /mnt/pos/vendor/laravel/framework/src/Illuminate/Foundation/Http/Kernel.php(255): Illuminate\Foundation\Application->bootstrapWith(Array)
#17 /mnt/pos/vendor/laravel/framework/src/Illuminate/Foundation/Http/Kernel.php(146): Illuminate\Foundation\Http\Kernel->bootstrap()
#18 /mnt/pos/vendor/laravel/framework/src/Illuminate/Foundation/Http/Kernel.php(118): Illuminate\Foundation\Http\Kernel->sendRequestThroughRouter(Object(Illuminate\Http\Request))
#19 /mnt/pos/public/index.php(53): Illuminate\Foundation\Http\Kernel->handle(Object(Illuminate\Http\Request))
#20 {main}  
[2019-04-08 10:58:20] local.ERROR: BadMethodCallException: Method mapPosRoutes does not exist. in /mnt/pos/vendor/laravel/framework/src/Illuminate/Support/Traits/Macroable.php:74
Stack trace:
#0 [internal function]: Illuminate\Routing\Router->__call('mapPosRoutes', Array)
#1 /mnt/pos/vendor/laravel/framework/src/Illuminate/Foundation/Support/Providers/RouteServiceProvider.php(111): call_user_func_array(Array, Array)
#2 /mnt/pos/app/Providers/RouteServiceProvider.php(40): Illuminate\Foundation\Support\Providers\RouteServiceProvider->__call('mapPosRoutes', Array)
#3 [internal function]: App\Providers\RouteServiceProvider->map()
#4 /mnt/pos/vendor/laravel/framework/src/Illuminate/Container/Container.php(508): call_user_func_array(Array, Array)
#5 /mnt/pos/vendor/laravel/framework/src/Illuminate/Foundation/Support/Providers/RouteServiceProvider.php(69): Illuminate\Container\Container->call(Array)
#6 /mnt/pos/vendor/laravel/framework/src/Illuminate/Foundation/Support/Providers/RouteServiceProvider.php(30): Illuminate\Foundation\Support\Providers\RouteServiceProvider->loadRoutes()
#7 /mnt/pos/app/Providers/RouteServiceProvider.php(28): Illuminate\Foundation\Support\Providers\RouteServiceProvider->boot()
#8 [internal function]: App\Providers\RouteServiceProvider->boot()
#9 /mnt/pos/vendor/laravel/framework/src/Illuminate/Container/Container.php(508): call_user_func_array(Array, Array)
#10 /mnt/pos/vendor/laravel/framework/src/Illuminate/Foundation/Application.php(782): Illuminate\Container\Container->call(Array)
#11 /mnt/pos/vendor/laravel/framework/src/Illuminate/Foundation/Application.php(765): Illuminate\Foundation\Application->bootProvider(Object(App\Providers\RouteServiceProvider))
#12 [internal function]: Illuminate\Foundation\Application->Illuminate\Foundation\{closure}(Object(App\Providers\RouteServiceProvider), 15)
#13 /mnt/pos/vendor/laravel/framework/src/Illuminate/Foundation/Application.php(766): array_walk(Array, Object(Closure))
#14 /mnt/pos/vendor/laravel/framework/src/Illuminate/Foundation/Bootstrap/BootProviders.php(17): Illuminate\Foundation\Application->boot()
#15 /mnt/pos/vendor/laravel/framework/src/Illuminate/Foundation/Application.php(214): Illuminate\Foundation\Bootstrap\BootProviders->bootstrap(Object(Illuminate\Foundation\Application))
#16 /mnt/pos/vendor/laravel/framework/src/Illuminate/Foundation/Http/Kernel.php(255): Illuminate\Foundation\Application->bootstrapWith(Array)
#17 /mnt/pos/vendor/laravel/framework/src/Illuminate/Foundation/Http/Kernel.php(146): Illuminate\Foundation\Http\Kernel->bootstrap()
#18 /mnt/pos/vendor/laravel/framework/src/Illuminate/Foundation/Http/Kernel.php(118): Illuminate\Foundation\Http\Kernel->sendRequestThroughRouter(Object(Illuminate\Http\Request))
#19 /mnt/pos/public/index.php(53): Illuminate\Foundation\Http\Kernel->handle(Object(Illuminate\Http\Request))
#20 {main}  
[2019-04-08 10:58:29] local.ERROR: BadMethodCallException: Method mapPosRoutes does not exist. in /mnt/pos/vendor/laravel/framework/src/Illuminate/Support/Traits/Macroable.php:74
Stack trace:
#0 [internal function]: Illuminate\Routing\Router->__call('mapPosRoutes', Array)
#1 /mnt/pos/vendor/laravel/framework/src/Illuminate/Foundation/Support/Providers/RouteServiceProvider.php(111): call_user_func_array(Array, Array)
#2 /mnt/pos/app/Providers/RouteServiceProvider.php(40): Illuminate\Foundation\Support\Providers\RouteServiceProvider->__call('mapPosRoutes', Array)
#3 [internal function]: App\Providers\RouteServiceProvider->map()
#4 /mnt/pos/vendor/laravel/framework/src/Illuminate/Container/Container.php(508): call_user_func_array(Array, Array)
#5 /mnt/pos/vendor/laravel/framework/src/Illuminate/Foundation/Support/Providers/RouteServiceProvider.php(69): Illuminate\Container\Container->call(Array)
#6 /mnt/pos/vendor/laravel/framework/src/Illuminate/Foundation/Support/Providers/RouteServiceProvider.php(30): Illuminate\Foundation\Support\Providers\RouteServiceProvider->loadRoutes()
#7 /mnt/pos/app/Providers/RouteServiceProvider.php(28): Illuminate\Foundation\Support\Providers\RouteServiceProvider->boot()
#8 [internal function]: App\Providers\RouteServiceProvider->boot()
#9 /mnt/pos/vendor/laravel/framework/src/Illuminate/Container/Container.php(508): call_user_func_array(Array, Array)
#10 /mnt/pos/vendor/laravel/framework/src/Illuminate/Foundation/Application.php(782): Illuminate\Container\Container->call(Array)
#11 /mnt/pos/vendor/laravel/framework/src/Illuminate/Foundation/Application.php(765): Illuminate\Foundation\Application->bootProvider(Object(App\Providers\RouteServiceProvider))
#12 [internal function]: Illuminate\Foundation\Application->Illuminate\Foundation\{closure}(Object(App\Providers\RouteServiceProvider), 15)
#13 /mnt/pos/vendor/laravel/framework/src/Illuminate/Foundation/Application.php(766): array_walk(Array, Object(Closure))
#14 /mnt/pos/vendor/laravel/framework/src/Illuminate/Foundation/Bootstrap/BootProviders.php(17): Illuminate\Foundation\Application->boot()
#15 /mnt/pos/vendor/laravel/framework/src/Illuminate/Foundation/Application.php(214): Illuminate\Foundation\Bootstrap\BootProviders->bootstrap(Object(Illuminate\Foundation\Application))
#16 /mnt/pos/vendor/laravel/framework/src/Illuminate/Foundation/Http/Kernel.php(255): Illuminate\Foundation\Application->bootstrapWith(Array)
#17 /mnt/pos/vendor/laravel/framework/src/Illuminate/Foundation/Http/Kernel.php(146): Illuminate\Foundation\Http\Kernel->bootstrap()
#18 /mnt/pos/vendor/laravel/framework/src/Illuminate/Foundation/Http/Kernel.php(118): Illuminate\Foundation\Http\Kernel->sendRequestThroughRouter(Object(Illuminate\Http\Request))
#19 /mnt/pos/public/index.php(53): Illuminate\Foundation\Http\Kernel->handle(Object(Illuminate\Http\Request))
#20 {main}  
[2019-04-08 10:58:38] local.ERROR: BadMethodCallException: Method mapPosRoutes does not exist. in /mnt/pos/vendor/laravel/framework/src/Illuminate/Support/Traits/Macroable.php:74
Stack trace:
#0 [internal function]: Illuminate\Routing\Router->__call('mapPosRoutes', Array)
#1 /mnt/pos/vendor/laravel/framework/src/Illuminate/Foundation/Support/Providers/RouteServiceProvider.php(111): call_user_func_array(Array, Array)
#2 /mnt/pos/app/Providers/RouteServiceProvider.php(40): Illuminate\Foundation\Support\Providers\RouteServiceProvider->__call('mapPosRoutes', Array)
#3 [internal function]: App\Providers\RouteServiceProvider->map()
#4 /mnt/pos/vendor/laravel/framework/src/Illuminate/Container/Container.php(508): call_user_func_array(Array, Array)
#5 /mnt/pos/vendor/laravel/framework/src/Illuminate/Foundation/Support/Providers/RouteServiceProvider.php(69): Illuminate\Container\Container->call(Array)
#6 /mnt/pos/vendor/laravel/framework/src/Illuminate/Foundation/Support/Providers/RouteServiceProvider.php(30): Illuminate\Foundation\Support\Providers\RouteServiceProvider->loadRoutes()
#7 /mnt/pos/app/Providers/RouteServiceProvider.php(28): Illuminate\Foundation\Support\Providers\RouteServiceProvider->boot()
#8 [internal function]: App\Providers\RouteServiceProvider->boot()
#9 /mnt/pos/vendor/laravel/framework/src/Illuminate/Container/Container.php(508): call_user_func_array(Array, Array)
#10 /mnt/pos/vendor/laravel/framework/src/Illuminate/Foundation/Application.php(782): Illuminate\Container\Container->call(Array)
#11 /mnt/pos/vendor/laravel/framework/src/Illuminate/Foundation/Application.php(765): Illuminate\Foundation\Application->bootProvider(Object(App\Providers\RouteServiceProvider))
#12 [internal function]: Illuminate\Foundation\Application->Illuminate\Foundation\{closure}(Object(App\Providers\RouteServiceProvider), 15)
#13 /mnt/pos/vendor/laravel/framework/src/Illuminate/Foundation/Application.php(766): array_walk(Array, Object(Closure))
#14 /mnt/pos/vendor/laravel/framework/src/Illuminate/Foundation/Bootstrap/BootProviders.php(17): Illuminate\Foundation\Application->boot()
#15 /mnt/pos/vendor/laravel/framework/src/Illuminate/Foundation/Application.php(214): Illuminate\Foundation\Bootstrap\BootProviders->bootstrap(Object(Illuminate\Foundation\Application))
#16 /mnt/pos/vendor/laravel/framework/src/Illuminate/Foundation/Http/Kernel.php(255): Illuminate\Foundation\Application->bootstrapWith(Array)
#17 /mnt/pos/vendor/laravel/framework/src/Illuminate/Foundation/Http/Kernel.php(146): Illuminate\Foundation\Http\Kernel->bootstrap()
#18 /mnt/pos/vendor/laravel/framework/src/Illuminate/Foundation/Http/Kernel.php(118): Illuminate\Foundation\Http\Kernel->sendRequestThroughRouter(Object(Illuminate\Http\Request))
#19 /mnt/pos/public/index.php(53): Illuminate\Foundation\Http\Kernel->handle(Object(Illuminate\Http\Request))
#20 {main}  
[2019-04-08 11:03:55] local.ERROR: InvalidArgumentException: View [pos.store.del] not found. in /mnt/pos/vendor/laravel/framework/src/Illuminate/View/FileViewFinder.php:137
Stack trace:
#0 /mnt/pos/vendor/laravel/framework/src/Illuminate/View/FileViewFinder.php(79): Illuminate\View\FileViewFinder->findInPaths('pos.store.del', Array)
#1 /mnt/pos/vendor/laravel/framework/src/Illuminate/View/Factory.php(174): Illuminate\View\FileViewFinder->find('pos.store.del')
#2 /mnt/pos/vendor/laravel/framework/src/Illuminate/Foundation/helpers.php(858): Illuminate\View\Factory->make('pos.store.del', Array, Array)
#3 /mnt/pos/app/Http/Controllers/Pos/StoreController.php(41): view('pos.store.del')
#4 [internal function]: App\Http\Controllers\Pos\StoreController->del(Object(Illuminate\Http\Request))
#5 /mnt/pos/vendor/laravel/framework/src/Illuminate/Routing/Controller.php(55): call_user_func_array(Array, Array)
#6 /mnt/pos/vendor/laravel/framework/src/Illuminate/Routing/ControllerDispatcher.php(44): Illuminate\Routing\Controller->callAction('del', Array)
#7 /mnt/pos/vendor/laravel/framework/src/Illuminate/Routing/Route.php(189): Illuminate\Routing\ControllerDispatcher->dispatch(Object(Illuminate\Routing\Route), Object(App\Http\Controllers\Pos\StoreController), 'del')
#8 /mnt/pos/vendor/laravel/framework/src/Illuminate/Routing/Route.php(144): Illuminate\Routing\Route->runController()
#9 /mnt/pos/vendor/laravel/framework/src/Illuminate/Routing/Router.php(653): Illuminate\Routing\Route->run(Object(Illuminate\Http\Request))
#10 /mnt/pos/vendor/laravel/framework/src/Illuminate/Routing/Pipeline.php(53): Illuminate\Routing\Router->Illuminate\Routing\{closure}(Object(Illuminate\Http\Request))
#11 /mnt/pos/app/Http/Middleware/AuthenticateAdmin.php(24): Illuminate\Routing\Pipeline->Illuminate\Routing\{closure}(Object(Illuminate\Http\Request))
#12 /mnt/pos/vendor/laravel/framework/src/Illuminate/Pipeline/Pipeline.php(138): App\Http\Middleware\AuthenticateAdmin->handle(Object(Illuminate\Http\Request), Object(Closure))
#13 /mnt/pos/vendor/laravel/framework/src/Illuminate/Routing/Pipeline.php(33): Illuminate\Pipeline\Pipeline->Illuminate\Pipeline\{closure}(Object(Illuminate\Http\Request))
#14 /mnt/pos/app/Http/Middleware/GetMenu.php(21): Illuminate\Routing\Pipeline->Illuminate\Routing\{closure}(Object(Illuminate\Http\Request))
#15 /mnt/pos/vendor/laravel/framework/src/Illuminate/Pipeline/Pipeline.php(138): App\Http\Middleware\GetMenu->handle(Object(Illuminate\Http\Request), Object(Closure))
#16 /mnt/pos/vendor/laravel/framework/src/Illuminate/Routing/Pipeline.php(33): Illuminate\Pipeline\Pipeline->Illuminate\Pipeline\{closure}(Object(Illuminate\Http\Request))
#17 /mnt/pos/app/Http/Middleware/Authenticate.php(33): Illuminate\Routing\Pipeline->Illuminate\Routing\{closure}(Object(Illuminate\Http\Request))
#18 /mnt/pos/vendor/laravel/framework/src/Illuminate/Pipeline/Pipeline.php(138): App\Http\Middleware\Authenticate->handle(Object(Illuminate\Http\Request), Object(Closure), 'admin')
#19 /mnt/pos/vendor/laravel/framework/src/Illuminate/Routing/Pipeline.php(33): Illuminate\Pipeline\Pipeline->Illuminate\Pipeline\{closure}(Object(Illuminate\Http\Request))
#20 /mnt/pos/vendor/laravel/framework/src/Illuminate/Routing/Middleware/SubstituteBindings.php(41): Illuminate\Routing\Pipeline->Illuminate\Routing\{closure}(Object(Illuminate\Http\Request))
#21 /mnt/pos/vendor/laravel/framework/src/Illuminate/Pipeline/Pipeline.php(138): Illuminate\Routing\Middleware\SubstituteBindings->handle(Object(Illuminate\Http\Request), Object(Closure))
#22 /mnt/pos/vendor/laravel/framework/src/Illuminate/Routing/Pipeline.php(33): Illuminate\Pipeline\Pipeline->Illuminate\Pipeline\{closure}(Object(Illuminate\Http\Request))
#23 /mnt/pos/vendor/laravel/framework/src/Illuminate/Foundation/Http/Middleware/VerifyCsrfToken.php(65): Illuminate\Routing\Pipeline->Illuminate\Routing\{closure}(Object(Illuminate\Http\Request))
#24 /mnt/pos/vendor/laravel/framework/src/Illuminate/Pipeline/Pipeline.php(138): Illuminate\Foundation\Http\Middleware\VerifyCsrfToken->handle(Object(Illuminate\Http\Request), Object(Closure))
#25 /mnt/pos/vendor/laravel/framework/src/Illuminate/Routing/Pipeline.php(33): Illuminate\Pipeline\Pipeline->Illuminate\Pipeline\{closure}(Object(Illuminate\Http\Request))
#26 /mnt/pos/vendor/laravel/framework/src/Illuminate/View/Middleware/ShareErrorsFromSession.php(49): Illuminate\Routing\Pipeline->Illuminate\Routing\{closure}(Object(Illuminate\Http\Request))
#27 /mnt/pos/vendor/laravel/framework/src/Illuminate/Pipeline/Pipeline.php(138): Illuminate\View\Middleware\ShareErrorsFromSession->handle(Object(Illuminate\Http\Request), Object(Closure))
#28 /mnt/pos/vendor/laravel/framework/src/Illuminate/Routing/Pipeline.php(33): Illuminate\Pipeline\Pipeline->Illuminate\Pipeline\{closure}(Object(Illuminate\Http\Request))
#29 /mnt/pos/vendor/laravel/framework/src/Illuminate/Session/Middleware/StartSession.php(64): Illuminate\Routing\Pipeline->Illuminate\Routing\{closure}(Object(Illuminate\Http\Request))
#30 /mnt/pos/vendor/laravel/framework/src/Illuminate/Pipeline/Pipeline.php(138): Illuminate\Session\Middleware\StartSession->handle(Object(Illuminate\Http\Request), Object(Closure))
#31 /mnt/pos/vendor/laravel/framework/src/Illuminate/Routing/Pipeline.php(33): Illuminate\Pipeline\Pipeline->Illuminate\Pipeline\{closure}(Object(Illuminate\Http\Request))
#32 /mnt/pos/vendor/laravel/framework/src/Illuminate/Cookie/Middleware/AddQueuedCookiesToResponse.php(37): Illuminate\Routing\Pipeline->Illuminate\Routing\{closure}(Object(Illuminate\Http\Request))
#33 /mnt/pos/vendor/laravel/framework/src/Illuminate/Pipeline/Pipeline.php(138): Illuminate\Cookie\Middleware\AddQueuedCookiesToResponse->handle(Object(Illuminate\Http\Request), Object(Closure))
#34 /mnt/pos/vendor/laravel/framework/src/Illuminate/Routing/Pipeline.php(33): Illuminate\Pipeline\Pipeline->Illuminate\Pipeline\{closure}(Object(Illuminate\Http\Request))
#35 /mnt/pos/vendor/laravel/framework/src/Illuminate/Cookie/Middleware/EncryptCookies.php(59): Illuminate\Routing\Pipeline->Illuminate\Routing\{closure}(Object(Illuminate\Http\Request))
#36 /mnt/pos/vendor/laravel/framework/src/Illuminate/Pipeline/Pipeline.php(138): Illuminate\Cookie\Middleware\EncryptCookies->handle(Object(Illuminate\Http\Request), Object(Closure))
#37 /mnt/pos/vendor/laravel/framework/src/Illuminate/Routing/Pipeline.php(33): Illuminate\Pipeline\Pipeline->Illuminate\Pipeline\{closure}(Object(Illuminate\Http\Request))
#38 /mnt/pos/vendor/laravel/framework/src/Illuminate/Pipeline/Pipeline.php(105): Illuminate\Routing\Pipeline->Illuminate\Routing\{closure}(Object(Illuminate\Http\Request))
#39 /mnt/pos/vendor/laravel/framework/src/Illuminate/Routing/Router.php(655): Illuminate\Pipeline\Pipeline->then(Object(Closure))
#40 /mnt/pos/vendor/laravel/framework/src/Illuminate/Routing/Router.php(629): Illuminate\Routing\Router->runRouteWithinStack(Object(Illuminate\Routing\Route), Object(Illuminate\Http\Request))
#41 /mnt/pos/vendor/laravel/framework/src/Illuminate/Routing/Router.php(607): Illuminate\Routing\Router->dispatchToRoute(Object(Illuminate\Http\Request))
#42 /mnt/pos/vendor/laravel/framework/src/Illuminate/Foundation/Http/Kernel.php(271): Illuminate\Routing\Router->dispatch(Object(Illuminate\Http\Request))
#43 /mnt/pos/vendor/laravel/framework/src/Illuminate/Routing/Pipeline.php(53): Illuminate\Foundation\Http\Kernel->Illuminate\Foundation\Http\{closure}(Object(Illuminate\Http\Request))
#44 /mnt/pos/vendor/barryvdh/laravel-debugbar/src/Middleware/Debugbar.php(51): Illuminate\Routing\Pipeline->Illuminate\Routing\{closure}(Object(Illuminate\Http\Request))
#45 /mnt/pos/vendor/laravel/framework/src/Illuminate/Pipeline/Pipeline.php(138): Barryvdh\Debugbar\Middleware\Debugbar->handle(Object(Illuminate\Http\Request), Object(Closure))
#46 /mnt/pos/vendor/laravel/framework/src/Illuminate/Routing/Pipeline.php(33): Illuminate\Pipeline\Pipeline->Illuminate\Pipeline\{closure}(Object(Illuminate\Http\Request))
#47 /mnt/pos/vendor/laravel/framework/src/Illuminate/Foundation/Http/Middleware/CheckForMaintenanceMode.php(46): Illuminate\Routing\Pipeline->Illuminate\Routing\{closure}(Object(Illuminate\Http\Request))
#48 /mnt/pos/vendor/laravel/framework/src/Illuminate/Pipeline/Pipeline.php(138): Illuminate\Foundation\Http\Middleware\CheckForMaintenanceMode->handle(Object(Illuminate\Http\Request), Object(Closure))
#49 /mnt/pos/vendor/laravel/framework/src/Illuminate/Routing/Pipeline.php(33): Illuminate\Pipeline\Pipeline->Illuminate\Pipeline\{closure}(Object(Illuminate\Http\Request))
#50 /mnt/pos/vendor/laravel/framework/src/Illuminate/Pipeline/Pipeline.php(105): Illuminate\Routing\Pipeline->Illuminate\Routing\{closure}(Object(Illuminate\Http\Request))
#51 /mnt/pos/vendor/laravel/framework/src/Illuminate/Foundation/Http/Kernel.php(151): Illuminate\Pipeline\Pipeline->then(Object(Closure))
#52 /mnt/pos/vendor/laravel/framework/src/Illuminate/Foundation/Http/Kernel.php(118): Illuminate\Foundation\Http\Kernel->sendRequestThroughRouter(Object(Illuminate\Http\Request))
#53 /mnt/pos/public/index.php(53): Illuminate\Foundation\Http\Kernel->handle(Object(Illuminate\Http\Request))
#54 {main}  
[2019-04-08 11:04:09] local.ERROR: InvalidArgumentException: View [pos.store.del] not found. in /mnt/pos/vendor/laravel/framework/src/Illuminate/View/FileViewFinder.php:137
Stack trace:
#0 /mnt/pos/vendor/laravel/framework/src/Illuminate/View/FileViewFinder.php(79): Illuminate\View\FileViewFinder->findInPaths('pos.store.del', Array)
#1 /mnt/pos/vendor/laravel/framework/src/Illuminate/View/Factory.php(174): Illuminate\View\FileViewFinder->find('pos.store.del')
#2 /mnt/pos/vendor/laravel/framework/src/Illuminate/Foundation/helpers.php(858): Illuminate\View\Factory->make('pos.store.del', Array, Array)
#3 /mnt/pos/app/Http/Controllers/Pos/StoreController.php(41): view('pos.store.del')
#4 [internal function]: App\Http\Controllers\Pos\StoreController->del(Object(Illuminate\Http\Request))
#5 /mnt/pos/vendor/laravel/framework/src/Illuminate/Routing/Controller.php(55): call_user_func_array(Array, Array)
#6 /mnt/pos/vendor/laravel/framework/src/Illuminate/Routing/ControllerDispatcher.php(44): Illuminate\Routing\Controller->callAction('del', Array)
#7 /mnt/pos/vendor/laravel/framework/src/Illuminate/Routing/Route.php(189): Illuminate\Routing\ControllerDispatcher->dispatch(Object(Illuminate\Routing\Route), Object(App\Http\Controllers\Pos\StoreController), 'del')
#8 /mnt/pos/vendor/laravel/framework/src/Illuminate/Routing/Route.php(144): Illuminate\Routing\Route->runController()
#9 /mnt/pos/vendor/laravel/framework/src/Illuminate/Routing/Router.php(653): Illuminate\Routing\Route->run(Object(Illuminate\Http\Request))
#10 /mnt/pos/vendor/laravel/framework/src/Illuminate/Routing/Pipeline.php(53): Illuminate\Routing\Router->Illuminate\Routing\{closure}(Object(Illuminate\Http\Request))
#11 /mnt/pos/app/Http/Middleware/AuthenticateAdmin.php(24): Illuminate\Routing\Pipeline->Illuminate\Routing\{closure}(Object(Illuminate\Http\Request))
#12 /mnt/pos/vendor/laravel/framework/src/Illuminate/Pipeline/Pipeline.php(138): App\Http\Middleware\AuthenticateAdmin->handle(Object(Illuminate\Http\Request), Object(Closure))
#13 /mnt/pos/vendor/laravel/framework/src/Illuminate/Routing/Pipeline.php(33): Illuminate\Pipeline\Pipeline->Illuminate\Pipeline\{closure}(Object(Illuminate\Http\Request))
#14 /mnt/pos/app/Http/Middleware/GetMenu.php(21): Illuminate\Routing\Pipeline->Illuminate\Routing\{closure}(Object(Illuminate\Http\Request))
#15 /mnt/pos/vendor/laravel/framework/src/Illuminate/Pipeline/Pipeline.php(138): App\Http\Middleware\GetMenu->handle(Object(Illuminate\Http\Request), Object(Closure))
#16 /mnt/pos/vendor/laravel/framework/src/Illuminate/Routing/Pipeline.php(33): Illuminate\Pipeline\Pipeline->Illuminate\Pipeline\{closure}(Object(Illuminate\Http\Request))
#17 /mnt/pos/app/Http/Middleware/Authenticate.php(33): Illuminate\Routing\Pipeline->Illuminate\Routing\{closure}(Object(Illuminate\Http\Request))
#18 /mnt/pos/vendor/laravel/framework/src/Illuminate/Pipeline/Pipeline.php(138): App\Http\Middleware\Authenticate->handle(Object(Illuminate\Http\Request), Object(Closure), 'admin')
#19 /mnt/pos/vendor/laravel/framework/src/Illuminate/Routing/Pipeline.php(33): Illuminate\Pipeline\Pipeline->Illuminate\Pipeline\{closure}(Object(Illuminate\Http\Request))
#20 /mnt/pos/vendor/laravel/framework/src/Illuminate/Routing/Middleware/SubstituteBindings.php(41): Illuminate\Routing\Pipeline->Illuminate\Routing\{closure}(Object(Illuminate\Http\Request))
#21 /mnt/pos/vendor/laravel/framework/src/Illuminate/Pipeline/Pipeline.php(138): Illuminate\Routing\Middleware\SubstituteBindings->handle(Object(Illuminate\Http\Request), Object(Closure))
#22 /mnt/pos/vendor/laravel/framework/src/Illuminate/Routing/Pipeline.php(33): Illuminate\Pipeline\Pipeline->Illuminate\Pipeline\{closure}(Object(Illuminate\Http\Request))
#23 /mnt/pos/vendor/laravel/framework/src/Illuminate/Foundation/Http/Middleware/VerifyCsrfToken.php(65): Illuminate\Routing\Pipeline->Illuminate\Routing\{closure}(Object(Illuminate\Http\Request))
#24 /mnt/pos/vendor/laravel/framework/src/Illuminate/Pipeline/Pipeline.php(138): Illuminate\Foundation\Http\Middleware\VerifyCsrfToken->handle(Object(Illuminate\Http\Request), Object(Closure))
#25 /mnt/pos/vendor/laravel/framework/src/Illuminate/Routing/Pipeline.php(33): Illuminate\Pipeline\Pipeline->Illuminate\Pipeline\{closure}(Object(Illuminate\Http\Request))
#26 /mnt/pos/vendor/laravel/framework/src/Illuminate/View/Middleware/ShareErrorsFromSession.php(49): Illuminate\Routing\Pipeline->Illuminate\Routing\{closure}(Object(Illuminate\Http\Request))
#27 /mnt/pos/vendor/laravel/framework/src/Illuminate/Pipeline/Pipeline.php(138): Illuminate\View\Middleware\ShareErrorsFromSession->handle(Object(Illuminate\Http\Request), Object(Closure))
#28 /mnt/pos/vendor/laravel/framework/src/Illuminate/Routing/Pipeline.php(33): Illuminate\Pipeline\Pipeline->Illuminate\Pipeline\{closure}(Object(Illuminate\Http\Request))
#29 /mnt/pos/vendor/laravel/framework/src/Illuminate/Session/Middleware/StartSession.php(64): Illuminate\Routing\Pipeline->Illuminate\Routing\{closure}(Object(Illuminate\Http\Request))
#30 /mnt/pos/vendor/laravel/framework/src/Illuminate/Pipeline/Pipeline.php(138): Illuminate\Session\Middleware\StartSession->handle(Object(Illuminate\Http\Request), Object(Closure))
#31 /mnt/pos/vendor/laravel/framework/src/Illuminate/Routing/Pipeline.php(33): Illuminate\Pipeline\Pipeline->Illuminate\Pipeline\{closure}(Object(Illuminate\Http\Request))
#32 /mnt/pos/vendor/laravel/framework/src/Illuminate/Cookie/Middleware/AddQueuedCookiesToResponse.php(37): Illuminate\Routing\Pipeline->Illuminate\Routing\{closure}(Object(Illuminate\Http\Request))
#33 /mnt/pos/vendor/laravel/framework/src/Illuminate/Pipeline/Pipeline.php(138): Illuminate\Cookie\Middleware\AddQueuedCookiesToResponse->handle(Object(Illuminate\Http\Request), Object(Closure))
#34 /mnt/pos/vendor/laravel/framework/src/Illuminate/Routing/Pipeline.php(33): Illuminate\Pipeline\Pipeline->Illuminate\Pipeline\{closure}(Object(Illuminate\Http\Request))
#35 /mnt/pos/vendor/laravel/framework/src/Illuminate/Cookie/Middleware/EncryptCookies.php(59): Illuminate\Routing\Pipeline->Illuminate\Routing\{closure}(Object(Illuminate\Http\Request))
#36 /mnt/pos/vendor/laravel/framework/src/Illuminate/Pipeline/Pipeline.php(138): Illuminate\Cookie\Middleware\EncryptCookies->handle(Object(Illuminate\Http\Request), Object(Closure))
#37 /mnt/pos/vendor/laravel/framework/src/Illuminate/Routing/Pipeline.php(33): Illuminate\Pipeline\Pipeline->Illuminate\Pipeline\{closure}(Object(Illuminate\Http\Request))
#38 /mnt/pos/vendor/laravel/framework/src/Illuminate/Pipeline/Pipeline.php(105): Illuminate\Routing\Pipeline->Illuminate\Routing\{closure}(Object(Illuminate\Http\Request))
#39 /mnt/pos/vendor/laravel/framework/src/Illuminate/Routing/Router.php(655): Illuminate\Pipeline\Pipeline->then(Object(Closure))
#40 /mnt/pos/vendor/laravel/framework/src/Illuminate/Routing/Router.php(629): Illuminate\Routing\Router->runRouteWithinStack(Object(Illuminate\Routing\Route), Object(Illuminate\Http\Request))
#41 /mnt/pos/vendor/laravel/framework/src/Illuminate/Routing/Router.php(607): Illuminate\Routing\Router->dispatchToRoute(Object(Illuminate\Http\Request))
#42 /mnt/pos/vendor/laravel/framework/src/Illuminate/Foundation/Http/Kernel.php(271): Illuminate\Routing\Router->dispatch(Object(Illuminate\Http\Request))
#43 /mnt/pos/vendor/laravel/framework/src/Illuminate/Routing/Pipeline.php(53): Illuminate\Foundation\Http\Kernel->Illuminate\Foundation\Http\{closure}(Object(Illuminate\Http\Request))
#44 /mnt/pos/vendor/barryvdh/laravel-debugbar/src/Middleware/Debugbar.php(51): Illuminate\Routing\Pipeline->Illuminate\Routing\{closure}(Object(Illuminate\Http\Request))
#45 /mnt/pos/vendor/laravel/framework/src/Illuminate/Pipeline/Pipeline.php(138): Barryvdh\Debugbar\Middleware\Debugbar->handle(Object(Illuminate\Http\Request), Object(Closure))
#46 /mnt/pos/vendor/laravel/framework/src/Illuminate/Routing/Pipeline.php(33): Illuminate\Pipeline\Pipeline->Illuminate\Pipeline\{closure}(Object(Illuminate\Http\Request))
#47 /mnt/pos/vendor/laravel/framework/src/Illuminate/Foundation/Http/Middleware/CheckForMaintenanceMode.php(46): Illuminate\Routing\Pipeline->Illuminate\Routing\{closure}(Object(Illuminate\Http\Request))
#48 /mnt/pos/vendor/laravel/framework/src/Illuminate/Pipeline/Pipeline.php(138): Illuminate\Foundation\Http\Middleware\CheckForMaintenanceMode->handle(Object(Illuminate\Http\Request), Object(Closure))
#49 /mnt/pos/vendor/laravel/framework/src/Illuminate/Routing/Pipeline.php(33): Illuminate\Pipeline\Pipeline->Illuminate\Pipeline\{closure}(Object(Illuminate\Http\Request))
#50 /mnt/pos/vendor/laravel/framework/src/Illuminate/Pipeline/Pipeline.php(105): Illuminate\Routing\Pipeline->Illuminate\Routing\{closure}(Object(Illuminate\Http\Request))
#51 /mnt/pos/vendor/laravel/framework/src/Illuminate/Foundation/Http/Kernel.php(151): Illuminate\Pipeline\Pipeline->then(Object(Closure))
#52 /mnt/pos/vendor/laravel/framework/src/Illuminate/Foundation/Http/Kernel.php(118): Illuminate\Foundation\Http\Kernel->sendRequestThroughRouter(Object(Illuminate\Http\Request))
#53 /mnt/pos/public/index.php(53): Illuminate\Foundation\Http\Kernel->handle(Object(Illuminate\Http\Request))
#54 {main}  
[2019-04-08 14:03:20] local.ERROR: ReflectionException: Method App\Http\Controllers\Api\ApiAdminController::show() does not exist in /mnt/pos/vendor/laravel/framework/src/Illuminate/Routing/Route.php:333
Stack trace:
#0 /mnt/pos/vendor/laravel/framework/src/Illuminate/Routing/Route.php(333): ReflectionMethod->__construct('App\\Http\\Contro...', 'show')
#1 /mnt/pos/vendor/laravel/framework/src/Illuminate/Routing/Router.php(800): Illuminate\Routing\Route->signatureParameters('Illuminate\\Data...')
#2 /mnt/pos/vendor/laravel/framework/src/Illuminate/Routing/Middleware/SubstituteBindings.php(39): Illuminate\Routing\Router->substituteImplicitBindings(Object(Illuminate\Routing\Route))
#3 /mnt/pos/vendor/laravel/framework/src/Illuminate/Pipeline/Pipeline.php(138): Illuminate\Routing\Middleware\SubstituteBindings->handle(Object(Illuminate\Http\Request), Object(Closure))
#4 /mnt/pos/vendor/laravel/framework/src/Illuminate/Routing/Pipeline.php(33): Illuminate\Pipeline\Pipeline->Illuminate\Pipeline\{closure}(Object(Illuminate\Http\Request))
#5 /mnt/pos/vendor/laravel/framework/src/Illuminate/Routing/Middleware/ThrottleRequests.php(49): Illuminate\Routing\Pipeline->Illuminate\Routing\{closure}(Object(Illuminate\Http\Request))
#6 /mnt/pos/vendor/laravel/framework/src/Illuminate/Pipeline/Pipeline.php(138): Illuminate\Routing\Middleware\ThrottleRequests->handle(Object(Illuminate\Http\Request), Object(Closure), '60', '1')
#7 /mnt/pos/vendor/laravel/framework/src/Illuminate/Routing/Pipeline.php(33): Illuminate\Pipeline\Pipeline->Illuminate\Pipeline\{closure}(Object(Illuminate\Http\Request))
#8 /mnt/pos/vendor/laravel/framework/src/Illuminate/Pipeline/Pipeline.php(105): Illuminate\Routing\Pipeline->Illuminate\Routing\{closure}(Object(Illuminate\Http\Request))
#9 /mnt/pos/vendor/laravel/framework/src/Illuminate/Routing/Router.php(655): Illuminate\Pipeline\Pipeline->then(Object(Closure))
#10 /mnt/pos/vendor/laravel/framework/src/Illuminate/Routing/Router.php(629): Illuminate\Routing\Router->runRouteWithinStack(Object(Illuminate\Routing\Route), Object(Illuminate\Http\Request))
#11 /mnt/pos/vendor/laravel/framework/src/Illuminate/Routing/Router.php(607): Illuminate\Routing\Router->dispatchToRoute(Object(Illuminate\Http\Request))
#12 /mnt/pos/vendor/laravel/framework/src/Illuminate/Foundation/Http/Kernel.php(271): Illuminate\Routing\Router->dispatch(Object(Illuminate\Http\Request))
#13 /mnt/pos/vendor/laravel/framework/src/Illuminate/Routing/Pipeline.php(53): Illuminate\Foundation\Http\Kernel->Illuminate\Foundation\Http\{closure}(Object(Illuminate\Http\Request))
#14 /mnt/pos/vendor/barryvdh/laravel-debugbar/src/Middleware/Debugbar.php(51): Illuminate\Routing\Pipeline->Illuminate\Routing\{closure}(Object(Illuminate\Http\Request))
#15 /mnt/pos/vendor/laravel/framework/src/Illuminate/Pipeline/Pipeline.php(138): Barryvdh\Debugbar\Middleware\Debugbar->handle(Object(Illuminate\Http\Request), Object(Closure))
#16 /mnt/pos/vendor/laravel/framework/src/Illuminate/Routing/Pipeline.php(33): Illuminate\Pipeline\Pipeline->Illuminate\Pipeline\{closure}(Object(Illuminate\Http\Request))
#17 /mnt/pos/vendor/laravel/framework/src/Illuminate/Foundation/Http/Middleware/CheckForMaintenanceMode.php(46): Illuminate\Routing\Pipeline->Illuminate\Routing\{closure}(Object(Illuminate\Http\Request))
#18 /mnt/pos/vendor/laravel/framework/src/Illuminate/Pipeline/Pipeline.php(138): Illuminate\Foundation\Http\Middleware\CheckForMaintenanceMode->handle(Object(Illuminate\Http\Request), Object(Closure))
#19 /mnt/pos/vendor/laravel/framework/src/Illuminate/Routing/Pipeline.php(33): Illuminate\Pipeline\Pipeline->Illuminate\Pipeline\{closure}(Object(Illuminate\Http\Request))
#20 /mnt/pos/vendor/laravel/framework/src/Illuminate/Pipeline/Pipeline.php(105): Illuminate\Routing\Pipeline->Illuminate\Routing\{closure}(Object(Illuminate\Http\Request))
#21 /mnt/pos/vendor/laravel/framework/src/Illuminate/Foundation/Http/Kernel.php(151): Illuminate\Pipeline\Pipeline->then(Object(Closure))
#22 /mnt/pos/vendor/laravel/framework/src/Illuminate/Foundation/Http/Kernel.php(118): Illuminate\Foundation\Http\Kernel->sendRequestThroughRouter(Object(Illuminate\Http\Request))
#23 /mnt/pos/public/index.php(53): Illuminate\Foundation\Http\Kernel->handle(Object(Illuminate\Http\Request))
#24 {main}  
[2019-04-08 14:09:09] local.ERROR: ReflectionException: Method App\Http\Controllers\Pos\StoreController::depositConfirm() does not exist in /mnt/pos/vendor/laravel/framework/src/Illuminate/Routing/Route.php:333
Stack trace:
#0 /mnt/pos/vendor/laravel/framework/src/Illuminate/Routing/Route.php(333): ReflectionMethod->__construct('App\\Http\\Contro...', 'depositConfirm')
#1 /mnt/pos/vendor/laravel/framework/src/Illuminate/Routing/Router.php(800): Illuminate\Routing\Route->signatureParameters('Illuminate\\Data...')
#2 /mnt/pos/vendor/laravel/framework/src/Illuminate/Routing/Middleware/SubstituteBindings.php(39): Illuminate\Routing\Router->substituteImplicitBindings(Object(Illuminate\Routing\Route))
#3 /mnt/pos/vendor/laravel/framework/src/Illuminate/Pipeline/Pipeline.php(138): Illuminate\Routing\Middleware\SubstituteBindings->handle(Object(Illuminate\Http\Request), Object(Closure))
#4 /mnt/pos/vendor/laravel/framework/src/Illuminate/Routing/Pipeline.php(33): Illuminate\Pipeline\Pipeline->Illuminate\Pipeline\{closure}(Object(Illuminate\Http\Request))
#5 /mnt/pos/vendor/laravel/framework/src/Illuminate/Foundation/Http/Middleware/VerifyCsrfToken.php(65): Illuminate\Routing\Pipeline->Illuminate\Routing\{closure}(Object(Illuminate\Http\Request))
#6 /mnt/pos/vendor/laravel/framework/src/Illuminate/Pipeline/Pipeline.php(138): Illuminate\Foundation\Http\Middleware\VerifyCsrfToken->handle(Object(Illuminate\Http\Request), Object(Closure))
#7 /mnt/pos/vendor/laravel/framework/src/Illuminate/Routing/Pipeline.php(33): Illuminate\Pipeline\Pipeline->Illuminate\Pipeline\{closure}(Object(Illuminate\Http\Request))
#8 /mnt/pos/vendor/laravel/framework/src/Illuminate/View/Middleware/ShareErrorsFromSession.php(49): Illuminate\Routing\Pipeline->Illuminate\Routing\{closure}(Object(Illuminate\Http\Request))
#9 /mnt/pos/vendor/laravel/framework/src/Illuminate/Pipeline/Pipeline.php(138): Illuminate\View\Middleware\ShareErrorsFromSession->handle(Object(Illuminate\Http\Request), Object(Closure))
#10 /mnt/pos/vendor/laravel/framework/src/Illuminate/Routing/Pipeline.php(33): Illuminate\Pipeline\Pipeline->Illuminate\Pipeline\{closure}(Object(Illuminate\Http\Request))
#11 /mnt/pos/vendor/laravel/framework/src/Illuminate/Session/Middleware/StartSession.php(64): Illuminate\Routing\Pipeline->Illuminate\Routing\{closure}(Object(Illuminate\Http\Request))
#12 /mnt/pos/vendor/laravel/framework/src/Illuminate/Pipeline/Pipeline.php(138): Illuminate\Session\Middleware\StartSession->handle(Object(Illuminate\Http\Request), Object(Closure))
#13 /mnt/pos/vendor/laravel/framework/src/Illuminate/Routing/Pipeline.php(33): Illuminate\Pipeline\Pipeline->Illuminate\Pipeline\{closure}(Object(Illuminate\Http\Request))
#14 /mnt/pos/vendor/laravel/framework/src/Illuminate/Cookie/Middleware/AddQueuedCookiesToResponse.php(37): Illuminate\Routing\Pipeline->Illuminate\Routing\{closure}(Object(Illuminate\Http\Request))
#15 /mnt/pos/vendor/laravel/framework/src/Illuminate/Pipeline/Pipeline.php(138): Illuminate\Cookie\Middleware\AddQueuedCookiesToResponse->handle(Object(Illuminate\Http\Request), Object(Closure))
#16 /mnt/pos/vendor/laravel/framework/src/Illuminate/Routing/Pipeline.php(33): Illuminate\Pipeline\Pipeline->Illuminate\Pipeline\{closure}(Object(Illuminate\Http\Request))
#17 /mnt/pos/vendor/laravel/framework/src/Illuminate/Cookie/Middleware/EncryptCookies.php(59): Illuminate\Routing\Pipeline->Illuminate\Routing\{closure}(Object(Illuminate\Http\Request))
#18 /mnt/pos/vendor/laravel/framework/src/Illuminate/Pipeline/Pipeline.php(138): Illuminate\Cookie\Middleware\EncryptCookies->handle(Object(Illuminate\Http\Request), Object(Closure))
#19 /mnt/pos/vendor/laravel/framework/src/Illuminate/Routing/Pipeline.php(33): Illuminate\Pipeline\Pipeline->Illuminate\Pipeline\{closure}(Object(Illuminate\Http\Request))
#20 /mnt/pos/vendor/laravel/framework/src/Illuminate/Pipeline/Pipeline.php(105): Illuminate\Routing\Pipeline->Illuminate\Routing\{closure}(Object(Illuminate\Http\Request))
#21 /mnt/pos/vendor/laravel/framework/src/Illuminate/Routing/Router.php(655): Illuminate\Pipeline\Pipeline->then(Object(Closure))
#22 /mnt/pos/vendor/laravel/framework/src/Illuminate/Routing/Router.php(629): Illuminate\Routing\Router->runRouteWithinStack(Object(Illuminate\Routing\Route), Object(Illuminate\Http\Request))
#23 /mnt/pos/vendor/laravel/framework/src/Illuminate/Routing/Router.php(607): Illuminate\Routing\Router->dispatchToRoute(Object(Illuminate\Http\Request))
#24 /mnt/pos/vendor/laravel/framework/src/Illuminate/Foundation/Http/Kernel.php(271): Illuminate\Routing\Router->dispatch(Object(Illuminate\Http\Request))
#25 /mnt/pos/vendor/laravel/framework/src/Illuminate/Routing/Pipeline.php(53): Illuminate\Foundation\Http\Kernel->Illuminate\Foundation\Http\{closure}(Object(Illuminate\Http\Request))
#26 /mnt/pos/vendor/barryvdh/laravel-debugbar/src/Middleware/Debugbar.php(51): Illuminate\Routing\Pipeline->Illuminate\Routing\{closure}(Object(Illuminate\Http\Request))
#27 /mnt/pos/vendor/laravel/framework/src/Illuminate/Pipeline/Pipeline.php(138): Barryvdh\Debugbar\Middleware\Debugbar->handle(Object(Illuminate\Http\Request), Object(Closure))
#28 /mnt/pos/vendor/laravel/framework/src/Illuminate/Routing/Pipeline.php(33): Illuminate\Pipeline\Pipeline->Illuminate\Pipeline\{closure}(Object(Illuminate\Http\Request))
#29 /mnt/pos/vendor/laravel/framework/src/Illuminate/Foundation/Http/Middleware/CheckForMaintenanceMode.php(46): Illuminate\Routing\Pipeline->Illuminate\Routing\{closure}(Object(Illuminate\Http\Request))
#30 /mnt/pos/vendor/laravel/framework/src/Illuminate/Pipeline/Pipeline.php(138): Illuminate\Foundation\Http\Middleware\CheckForMaintenanceMode->handle(Object(Illuminate\Http\Request), Object(Closure))
#31 /mnt/pos/vendor/laravel/framework/src/Illuminate/Routing/Pipeline.php(33): Illuminate\Pipeline\Pipeline->Illuminate\Pipeline\{closure}(Object(Illuminate\Http\Request))
#32 /mnt/pos/vendor/laravel/framework/src/Illuminate/Pipeline/Pipeline.php(105): Illuminate\Routing\Pipeline->Illuminate\Routing\{closure}(Object(Illuminate\Http\Request))
#33 /mnt/pos/vendor/laravel/framework/src/Illuminate/Foundation/Http/Kernel.php(151): Illuminate\Pipeline\Pipeline->then(Object(Closure))
#34 /mnt/pos/vendor/laravel/framework/src/Illuminate/Foundation/Http/Kernel.php(118): Illuminate\Foundation\Http\Kernel->sendRequestThroughRouter(Object(Illuminate\Http\Request))
#35 /mnt/pos/public/index.php(53): Illuminate\Foundation\Http\Kernel->handle(Object(Illuminate\Http\Request))
#36 {main}  
[2019-04-08 14:09:36] local.ERROR: ReflectionException: Method App\Http\Controllers\Pos\StoreController::depositConfirm() does not exist in /mnt/pos/vendor/laravel/framework/src/Illuminate/Routing/Route.php:333
Stack trace:
#0 /mnt/pos/vendor/laravel/framework/src/Illuminate/Routing/Route.php(333): ReflectionMethod->__construct('App\\Http\\Contro...', 'depositConfirm')
#1 /mnt/pos/vendor/laravel/framework/src/Illuminate/Routing/Router.php(800): Illuminate\Routing\Route->signatureParameters('Illuminate\\Data...')
#2 /mnt/pos/vendor/laravel/framework/src/Illuminate/Routing/Middleware/SubstituteBindings.php(39): Illuminate\Routing\Router->substituteImplicitBindings(Object(Illuminate\Routing\Route))
#3 /mnt/pos/vendor/laravel/framework/src/Illuminate/Pipeline/Pipeline.php(138): Illuminate\Routing\Middleware\SubstituteBindings->handle(Object(Illuminate\Http\Request), Object(Closure))
#4 /mnt/pos/vendor/laravel/framework/src/Illuminate/Routing/Pipeline.php(33): Illuminate\Pipeline\Pipeline->Illuminate\Pipeline\{closure}(Object(Illuminate\Http\Request))
#5 /mnt/pos/vendor/laravel/framework/src/Illuminate/Foundation/Http/Middleware/VerifyCsrfToken.php(65): Illuminate\Routing\Pipeline->Illuminate\Routing\{closure}(Object(Illuminate\Http\Request))
#6 /mnt/pos/vendor/laravel/framework/src/Illuminate/Pipeline/Pipeline.php(138): Illuminate\Foundation\Http\Middleware\VerifyCsrfToken->handle(Object(Illuminate\Http\Request), Object(Closure))
#7 /mnt/pos/vendor/laravel/framework/src/Illuminate/Routing/Pipeline.php(33): Illuminate\Pipeline\Pipeline->Illuminate\Pipeline\{closure}(Object(Illuminate\Http\Request))
#8 /mnt/pos/vendor/laravel/framework/src/Illuminate/View/Middleware/ShareErrorsFromSession.php(49): Illuminate\Routing\Pipeline->Illuminate\Routing\{closure}(Object(Illuminate\Http\Request))
#9 /mnt/pos/vendor/laravel/framework/src/Illuminate/Pipeline/Pipeline.php(138): Illuminate\View\Middleware\ShareErrorsFromSession->handle(Object(Illuminate\Http\Request), Object(Closure))
#10 /mnt/pos/vendor/laravel/framework/src/Illuminate/Routing/Pipeline.php(33): Illuminate\Pipeline\Pipeline->Illuminate\Pipeline\{closure}(Object(Illuminate\Http\Request))
#11 /mnt/pos/vendor/laravel/framework/src/Illuminate/Session/Middleware/StartSession.php(64): Illuminate\Routing\Pipeline->Illuminate\Routing\{closure}(Object(Illuminate\Http\Request))
#12 /mnt/pos/vendor/laravel/framework/src/Illuminate/Pipeline/Pipeline.php(138): Illuminate\Session\Middleware\StartSession->handle(Object(Illuminate\Http\Request), Object(Closure))
#13 /mnt/pos/vendor/laravel/framework/src/Illuminate/Routing/Pipeline.php(33): Illuminate\Pipeline\Pipeline->Illuminate\Pipeline\{closure}(Object(Illuminate\Http\Request))
#14 /mnt/pos/vendor/laravel/framework/src/Illuminate/Cookie/Middleware/AddQueuedCookiesToResponse.php(37): Illuminate\Routing\Pipeline->Illuminate\Routing\{closure}(Object(Illuminate\Http\Request))
#15 /mnt/pos/vendor/laravel/framework/src/Illuminate/Pipeline/Pipeline.php(138): Illuminate\Cookie\Middleware\AddQueuedCookiesToResponse->handle(Object(Illuminate\Http\Request), Object(Closure))
#16 /mnt/pos/vendor/laravel/framework/src/Illuminate/Routing/Pipeline.php(33): Illuminate\Pipeline\Pipeline->Illuminate\Pipeline\{closure}(Object(Illuminate\Http\Request))
#17 /mnt/pos/vendor/laravel/framework/src/Illuminate/Cookie/Middleware/EncryptCookies.php(59): Illuminate\Routing\Pipeline->Illuminate\Routing\{closure}(Object(Illuminate\Http\Request))
#18 /mnt/pos/vendor/laravel/framework/src/Illuminate/Pipeline/Pipeline.php(138): Illuminate\Cookie\Middleware\EncryptCookies->handle(Object(Illuminate\Http\Request), Object(Closure))
#19 /mnt/pos/vendor/laravel/framework/src/Illuminate/Routing/Pipeline.php(33): Illuminate\Pipeline\Pipeline->Illuminate\Pipeline\{closure}(Object(Illuminate\Http\Request))
#20 /mnt/pos/vendor/laravel/framework/src/Illuminate/Pipeline/Pipeline.php(105): Illuminate\Routing\Pipeline->Illuminate\Routing\{closure}(Object(Illuminate\Http\Request))
#21 /mnt/pos/vendor/laravel/framework/src/Illuminate/Routing/Router.php(655): Illuminate\Pipeline\Pipeline->then(Object(Closure))
#22 /mnt/pos/vendor/laravel/framework/src/Illuminate/Routing/Router.php(629): Illuminate\Routing\Router->runRouteWithinStack(Object(Illuminate\Routing\Route), Object(Illuminate\Http\Request))
#23 /mnt/pos/vendor/laravel/framework/src/Illuminate/Routing/Router.php(607): Illuminate\Routing\Router->dispatchToRoute(Object(Illuminate\Http\Request))
#24 /mnt/pos/vendor/laravel/framework/src/Illuminate/Foundation/Http/Kernel.php(271): Illuminate\Routing\Router->dispatch(Object(Illuminate\Http\Request))
#25 /mnt/pos/vendor/laravel/framework/src/Illuminate/Routing/Pipeline.php(53): Illuminate\Foundation\Http\Kernel->Illuminate\Foundation\Http\{closure}(Object(Illuminate\Http\Request))
#26 /mnt/pos/vendor/barryvdh/laravel-debugbar/src/Middleware/Debugbar.php(51): Illuminate\Routing\Pipeline->Illuminate\Routing\{closure}(Object(Illuminate\Http\Request))
#27 /mnt/pos/vendor/laravel/framework/src/Illuminate/Pipeline/Pipeline.php(138): Barryvdh\Debugbar\Middleware\Debugbar->handle(Object(Illuminate\Http\Request), Object(Closure))
#28 /mnt/pos/vendor/laravel/framework/src/Illuminate/Routing/Pipeline.php(33): Illuminate\Pipeline\Pipeline->Illuminate\Pipeline\{closure}(Object(Illuminate\Http\Request))
#29 /mnt/pos/vendor/laravel/framework/src/Illuminate/Foundation/Http/Middleware/CheckForMaintenanceMode.php(46): Illuminate\Routing\Pipeline->Illuminate\Routing\{closure}(Object(Illuminate\Http\Request))
#30 /mnt/pos/vendor/laravel/framework/src/Illuminate/Pipeline/Pipeline.php(138): Illuminate\Foundation\Http\Middleware\CheckForMaintenanceMode->handle(Object(Illuminate\Http\Request), Object(Closure))
#31 /mnt/pos/vendor/laravel/framework/src/Illuminate/Routing/Pipeline.php(33): Illuminate\Pipeline\Pipeline->Illuminate\Pipeline\{closure}(Object(Illuminate\Http\Request))
#32 /mnt/pos/vendor/laravel/framework/src/Illuminate/Pipeline/Pipeline.php(105): Illuminate\Routing\Pipeline->Illuminate\Routing\{closure}(Object(Illuminate\Http\Request))
#33 /mnt/pos/vendor/laravel/framework/src/Illuminate/Foundation/Http/Kernel.php(151): Illuminate\Pipeline\Pipeline->then(Object(Closure))
#34 /mnt/pos/vendor/laravel/framework/src/Illuminate/Foundation/Http/Kernel.php(118): Illuminate\Foundation\Http\Kernel->sendRequestThroughRouter(Object(Illuminate\Http\Request))
#35 /mnt/pos/public/index.php(53): Illuminate\Foundation\Http\Kernel->handle(Object(Illuminate\Http\Request))
#36 {main}  
[2019-04-08 17:13:29] local.ERROR: ErrorException: file_put_contents(/mnt/pos/app/Http/Controllers/Api:NotifyController.php): failed to open stream: Protocol error in /mnt/pos/vendor/laravel/framework/src/Illuminate/Filesystem/Filesystem.php:111
Stack trace:
#0 [internal function]: Illuminate\Foundation\Bootstrap\HandleExceptions->handleError(2, 'file_put_conten...', '/mnt/pos/vendor...', 111, Array)
#1 /mnt/pos/vendor/laravel/framework/src/Illuminate/Filesystem/Filesystem.php(111): file_put_contents('/mnt/pos/app/Ht...', '<?php\n\nnamespac...', 0)
#2 /mnt/pos/vendor/laravel/framework/src/Illuminate/Console/GeneratorCommand.php(64): Illuminate\Filesystem\Filesystem->put('/mnt/pos/app/Ht...', '<?php\n\nnamespac...')
#3 [internal function]: Illuminate\Console\GeneratorCommand->fire()
#4 /mnt/pos/vendor/laravel/framework/src/Illuminate/Container/Container.php(508): call_user_func_array(Array, Array)
#5 /mnt/pos/vendor/laravel/framework/src/Illuminate/Console/Command.php(169): Illuminate\Container\Container->call(Array)
#6 /mnt/pos/vendor/symfony/console/Command/Command.php(261): Illuminate\Console\Command->execute(Object(Symfony\Component\Console\Input\ArgvInput), Object(Symfony\Component\Console\Output\ConsoleOutput))
#7 /mnt/pos/vendor/laravel/framework/src/Illuminate/Console/Command.php(155): Symfony\Component\Console\Command\Command->run(Object(Symfony\Component\Console\Input\ArgvInput), Object(Symfony\Component\Console\Output\ConsoleOutput))
#8 /mnt/pos/vendor/symfony/console/Application.php(817): Illuminate\Console\Command->run(Object(Symfony\Component\Console\Input\ArgvInput), Object(Symfony\Component\Console\Output\ConsoleOutput))
#9 /mnt/pos/vendor/symfony/console/Application.php(185): Symfony\Component\Console\Application->doRunCommand(Object(Illuminate\Routing\Console\ControllerMakeCommand), Object(Symfony\Component\Console\Input\ArgvInput), Object(Symfony\Component\Console\Output\ConsoleOutput))
#10 /mnt/pos/vendor/symfony/console/Application.php(116): Symfony\Component\Console\Application->doRun(Object(Symfony\Component\Console\Input\ArgvInput), Object(Symfony\Component\Console\Output\ConsoleOutput))
#11 /mnt/pos/vendor/laravel/framework/src/Illuminate/Foundation/Console/Kernel.php(121): Symfony\Component\Console\Application->run(Object(Symfony\Component\Console\Input\ArgvInput), Object(Symfony\Component\Console\Output\ConsoleOutput))
#12 /mnt/pos/artisan(35): Illuminate\Foundation\Console\Kernel->handle(Object(Symfony\Component\Console\Input\ArgvInput), Object(Symfony\Component\Console\Output\ConsoleOutput))
#13 {main}  
