[2019-03-22 16:20:26] local.ERROR: Symfony\Component\Debug\Exception\FatalThrowableError: Call to undefined function App\Http\Controllers\Api\fluidxml() in D:\phpStudy2018\PHPTutorial\WWW\CRM\app\Http\Controllers\Api\ApiAdminController.php:35
Stack trace:
#0 [internal function]: App\Http\Controllers\Api\ApiAdminController->test2()
#1 D:\phpStudy2018\PHPTutorial\WWW\CRM\vendor\laravel\framework\src\Illuminate\Routing\Controller.php(55): call_user_func_array(Array, Array)
#2 D:\phpStudy2018\PHPTutorial\WWW\CRM\vendor\laravel\framework\src\Illuminate\Routing\ControllerDispatcher.php(44): Illuminate\Routing\Controller->callAction('test2', Array)
#3 D:\phpStudy2018\PHPTutorial\WWW\CRM\vendor\laravel\framework\src\Illuminate\Routing\Route.php(189): Illuminate\Routing\ControllerDispatcher->dispatch(Object(Illuminate\Routing\Route), Object(App\Http\Controllers\Api\ApiAdminController), 'test2')
#4 D:\phpStudy2018\PHPTutorial\WWW\CRM\vendor\laravel\framework\src\Illuminate\Routing\Route.php(144): Illuminate\Routing\Route->runController()
#5 D:\phpStudy2018\PHPTutorial\WWW\CRM\vendor\laravel\framework\src\Illuminate\Routing\Router.php(653): Illuminate\Routing\Route->run(Object(Illuminate\Http\Request))
#6 D:\phpStudy2018\PHPTutorial\WWW\CRM\vendor\laravel\framework\src\Illuminate\Routing\Pipeline.php(53): Illuminate\Routing\Router->Illuminate\Routing\{closure}(Object(Illuminate\Http\Request))
#7 D:\phpStudy2018\PHPTutorial\WWW\CRM\app\Http\Middleware\ApiAdminToken.php(27): Illuminate\Routing\Pipeline->Illuminate\Routing\{closure}(Object(Illuminate\Http\Request))
#8 D:\phpStudy2018\PHPTutorial\WWW\CRM\vendor\laravel\framework\src\Illuminate\Pipeline\Pipeline.php(138): App\Http\Middleware\ApiAdminToken->handle(Object(Illuminate\Http\Request), Object(Closure))
#9 D:\phpStudy2018\PHPTutorial\WWW\CRM\vendor\laravel\framework\src\Illuminate\Routing\Pipeline.php(33): Illuminate\Pipeline\Pipeline->Illuminate\Pipeline\{closure}(Object(Illuminate\Http\Request))
#10 D:\phpStudy2018\PHPTutorial\WWW\CRM\vendor\laravel\framework\src\Illuminate\Routing\Middleware\SubstituteBindings.php(41): Illuminate\Routing\Pipeline->Illuminate\Routing\{closure}(Object(Illuminate\Http\Request))
#11 D:\phpStudy2018\PHPTutorial\WWW\CRM\vendor\laravel\framework\src\Illuminate\Pipeline\Pipeline.php(138): Illuminate\Routing\Middleware\SubstituteBindings->handle(Object(Illuminate\Http\Request), Object(Closure))
#12 D:\phpStudy2018\PHPTutorial\WWW\CRM\vendor\laravel\framework\src\Illuminate\Routing\Pipeline.php(33): Illuminate\Pipeline\Pipeline->Illuminate\Pipeline\{closure}(Object(Illuminate\Http\Request))
#13 D:\phpStudy2018\PHPTutorial\WWW\CRM\vendor\laravel\framework\src\Illuminate\Routing\Middleware\ThrottleRequests.php(49): Illuminate\Routing\Pipeline->Illuminate\Routing\{closure}(Object(Illuminate\Http\Request))
#14 D:\phpStudy2018\PHPTutorial\WWW\CRM\vendor\laravel\framework\src\Illuminate\Pipeline\Pipeline.php(138): Illuminate\Routing\Middleware\ThrottleRequests->handle(Object(Illuminate\Http\Request), Object(Closure), '60', '1')
#15 D:\phpStudy2018\PHPTutorial\WWW\CRM\vendor\laravel\framework\src\Illuminate\Routing\Pipeline.php(33): Illuminate\Pipeline\Pipeline->Illuminate\Pipeline\{closure}(Object(Illuminate\Http\Request))
#16 D:\phpStudy2018\PHPTutorial\WWW\CRM\vendor\laravel\framework\src\Illuminate\Pipeline\Pipeline.php(105): Illuminate\Routing\Pipeline->Illuminate\Routing\{closure}(Object(Illuminate\Http\Request))
#17 D:\phpStudy2018\PHPTutorial\WWW\CRM\vendor\laravel\framework\src\Illuminate\Routing\Router.php(655): Illuminate\Pipeline\Pipeline->then(Object(Closure))
#18 D:\phpStudy2018\PHPTutorial\WWW\CRM\vendor\laravel\framework\src\Illuminate\Routing\Router.php(629): Illuminate\Routing\Router->runRouteWithinStack(Object(Illuminate\Routing\Route), Object(Illuminate\Http\Request))
#19 D:\phpStudy2018\PHPTutorial\WWW\CRM\vendor\laravel\framework\src\Illuminate\Routing\Router.php(607): Illuminate\Routing\Router->dispatchToRoute(Object(Illuminate\Http\Request))
#20 D:\phpStudy2018\PHPTutorial\WWW\CRM\vendor\laravel\framework\src\Illuminate\Foundation\Http\Kernel.php(271): Illuminate\Routing\Router->dispatch(Object(Illuminate\Http\Request))
#21 D:\phpStudy2018\PHPTutorial\WWW\CRM\vendor\laravel\framework\src\Illuminate\Routing\Pipeline.php(53): Illuminate\Foundation\Http\Kernel->Illuminate\Foundation\Http\{closure}(Object(Illuminate\Http\Request))
#22 D:\phpStudy2018\PHPTutorial\WWW\CRM\vendor\barryvdh\laravel-debugbar\src\Middleware\Debugbar.php(51): Illuminate\Routing\Pipeline->Illuminate\Routing\{closure}(Object(Illuminate\Http\Request))
#23 D:\phpStudy2018\PHPTutorial\WWW\CRM\vendor\laravel\framework\src\Illuminate\Pipeline\Pipeline.php(138): Barryvdh\Debugbar\Middleware\Debugbar->handle(Object(Illuminate\Http\Request), Object(Closure))
#24 D:\phpStudy2018\PHPTutorial\WWW\CRM\vendor\laravel\framework\src\Illuminate\Routing\Pipeline.php(33): Illuminate\Pipeline\Pipeline->Illuminate\Pipeline\{closure}(Object(Illuminate\Http\Request))
#25 D:\phpStudy2018\PHPTutorial\WWW\CRM\vendor\laravel\framework\src\Illuminate\Foundation\Http\Middleware\CheckForMaintenanceMode.php(46): Illuminate\Routing\Pipeline->Illuminate\Routing\{closure}(Object(Illuminate\Http\Request))
#26 D:\phpStudy2018\PHPTutorial\WWW\CRM\vendor\laravel\framework\src\Illuminate\Pipeline\Pipeline.php(138): Illuminate\Foundation\Http\Middleware\CheckForMaintenanceMode->handle(Object(Illuminate\Http\Request), Object(Closure))
#27 D:\phpStudy2018\PHPTutorial\WWW\CRM\vendor\laravel\framework\src\Illuminate\Routing\Pipeline.php(33): Illuminate\Pipeline\Pipeline->Illuminate\Pipeline\{closure}(Object(Illuminate\Http\Request))
#28 D:\phpStudy2018\PHPTutorial\WWW\CRM\vendor\laravel\framework\src\Illuminate\Pipeline\Pipeline.php(105): Illuminate\Routing\Pipeline->Illuminate\Routing\{closure}(Object(Illuminate\Http\Request))
#29 D:\phpStudy2018\PHPTutorial\WWW\CRM\vendor\laravel\framework\src\Illuminate\Foundation\Http\Kernel.php(151): Illuminate\Pipeline\Pipeline->then(Object(Closure))
#30 D:\phpStudy2018\PHPTutorial\WWW\CRM\vendor\laravel\framework\src\Illuminate\Foundation\Http\Kernel.php(118): Illuminate\Foundation\Http\Kernel->sendRequestThroughRouter(Object(Illuminate\Http\Request))
#31 D:\phpStudy2018\PHPTutorial\WWW\CRM\public\index.php(53): Illuminate\Foundation\Http\Kernel->handle(Object(Illuminate\Http\Request))
#32 {main}  
[2019-03-22 16:24:38] local.ERROR: Symfony\Component\Debug\Exception\FatalErrorException: Maximum execution time of 30 seconds exceeded in D:\phpStudy2018\PHPTutorial\WWW\CRM\vendor\php-curl-class\php-curl-class\src\Curl\Curl.php:367
Stack trace:
#0 {main}  
[2019-03-22 16:25:10] local.ERROR: Symfony\Component\Debug\Exception\FatalErrorException: Maximum execution time of 30 seconds exceeded in D:\phpStudy2018\PHPTutorial\WWW\CRM\vendor\php-curl-class\php-curl-class\src\Curl\Curl.php:367
Stack trace:
#0 {main}  
[2019-03-22 16:27:13] local.ERROR: Symfony\Component\Debug\Exception\FatalErrorException: Maximum execution time of 30 seconds exceeded in D:\phpStudy2018\PHPTutorial\WWW\CRM\vendor\php-curl-class\php-curl-class\src\Curl\Curl.php:367
Stack trace:
#0 {main}  
[2019-03-22 16:28:14] local.ERROR: Symfony\Component\Debug\Exception\FatalErrorException: Maximum execution time of 30 seconds exceeded in D:\phpStudy2018\PHPTutorial\WWW\CRM\vendor\php-curl-class\php-curl-class\src\Curl\Curl.php:367
Stack trace:
#0 {main}  
[2019-03-22 16:29:13] local.ERROR: Symfony\Component\Debug\Exception\FatalErrorException: Maximum execution time of 30 seconds exceeded in D:\phpStudy2018\PHPTutorial\WWW\CRM\vendor\php-curl-class\php-curl-class\src\Curl\Curl.php:367
Stack trace:
#0 {main}  
[2019-03-22 17:00:52] local.ERROR: Symfony\Component\Debug\Exception\FatalErrorException: Maximum execution time of 30 seconds exceeded in D:\phpStudy2018\PHPTutorial\WWW\CRM\vendor\doctrine\dbal\lib\Doctrine\DBAL\Driver\PDOStatement.php:105
Stack trace:
#0 {main}  
[2019-03-22 17:02:04] local.ERROR: ErrorException: Undefined variable: TEST_URL in D:\phpStudy2018\PHPTutorial\WWW\CRM\app\Http\Controllers\Api\ApiAdminController.php:53
Stack trace:
#0 D:\phpStudy2018\PHPTutorial\WWW\CRM\app\Http\Controllers\Api\ApiAdminController.php(53): Illuminate\Foundation\Bootstrap\HandleExceptions->handleError(8, 'Undefined varia...', 'D:\\phpStudy2018...', 53, Array)
#1 [internal function]: App\Http\Controllers\Api\ApiAdminController->test2()
#2 D:\phpStudy2018\PHPTutorial\WWW\CRM\vendor\laravel\framework\src\Illuminate\Routing\Controller.php(55): call_user_func_array(Array, Array)
#3 D:\phpStudy2018\PHPTutorial\WWW\CRM\vendor\laravel\framework\src\Illuminate\Routing\ControllerDispatcher.php(44): Illuminate\Routing\Controller->callAction('test2', Array)
#4 D:\phpStudy2018\PHPTutorial\WWW\CRM\vendor\laravel\framework\src\Illuminate\Routing\Route.php(189): Illuminate\Routing\ControllerDispatcher->dispatch(Object(Illuminate\Routing\Route), Object(App\Http\Controllers\Api\ApiAdminController), 'test2')
#5 D:\phpStudy2018\PHPTutorial\WWW\CRM\vendor\laravel\framework\src\Illuminate\Routing\Route.php(144): Illuminate\Routing\Route->runController()
#6 D:\phpStudy2018\PHPTutorial\WWW\CRM\vendor\laravel\framework\src\Illuminate\Routing\Router.php(653): Illuminate\Routing\Route->run(Object(Illuminate\Http\Request))
#7 D:\phpStudy2018\PHPTutorial\WWW\CRM\vendor\laravel\framework\src\Illuminate\Routing\Pipeline.php(53): Illuminate\Routing\Router->Illuminate\Routing\{closure}(Object(Illuminate\Http\Request))
#8 D:\phpStudy2018\PHPTutorial\WWW\CRM\app\Http\Middleware\ApiAdminToken.php(27): Illuminate\Routing\Pipeline->Illuminate\Routing\{closure}(Object(Illuminate\Http\Request))
#9 D:\phpStudy2018\PHPTutorial\WWW\CRM\vendor\laravel\framework\src\Illuminate\Pipeline\Pipeline.php(138): App\Http\Middleware\ApiAdminToken->handle(Object(Illuminate\Http\Request), Object(Closure))
#10 D:\phpStudy2018\PHPTutorial\WWW\CRM\vendor\laravel\framework\src\Illuminate\Routing\Pipeline.php(33): Illuminate\Pipeline\Pipeline->Illuminate\Pipeline\{closure}(Object(Illuminate\Http\Request))
#11 D:\phpStudy2018\PHPTutorial\WWW\CRM\vendor\laravel\framework\src\Illuminate\Routing\Middleware\SubstituteBindings.php(41): Illuminate\Routing\Pipeline->Illuminate\Routing\{closure}(Object(Illuminate\Http\Request))
#12 D:\phpStudy2018\PHPTutorial\WWW\CRM\vendor\laravel\framework\src\Illuminate\Pipeline\Pipeline.php(138): Illuminate\Routing\Middleware\SubstituteBindings->handle(Object(Illuminate\Http\Request), Object(Closure))
#13 D:\phpStudy2018\PHPTutorial\WWW\CRM\vendor\laravel\framework\src\Illuminate\Routing\Pipeline.php(33): Illuminate\Pipeline\Pipeline->Illuminate\Pipeline\{closure}(Object(Illuminate\Http\Request))
#14 D:\phpStudy2018\PHPTutorial\WWW\CRM\vendor\laravel\framework\src\Illuminate\Routing\Middleware\ThrottleRequests.php(49): Illuminate\Routing\Pipeline->Illuminate\Routing\{closure}(Object(Illuminate\Http\Request))
#15 D:\phpStudy2018\PHPTutorial\WWW\CRM\vendor\laravel\framework\src\Illuminate\Pipeline\Pipeline.php(138): Illuminate\Routing\Middleware\ThrottleRequests->handle(Object(Illuminate\Http\Request), Object(Closure), '60', '1')
#16 D:\phpStudy2018\PHPTutorial\WWW\CRM\vendor\laravel\framework\src\Illuminate\Routing\Pipeline.php(33): Illuminate\Pipeline\Pipeline->Illuminate\Pipeline\{closure}(Object(Illuminate\Http\Request))
#17 D:\phpStudy2018\PHPTutorial\WWW\CRM\vendor\laravel\framework\src\Illuminate\Pipeline\Pipeline.php(105): Illuminate\Routing\Pipeline->Illuminate\Routing\{closure}(Object(Illuminate\Http\Request))
#18 D:\phpStudy2018\PHPTutorial\WWW\CRM\vendor\laravel\framework\src\Illuminate\Routing\Router.php(655): Illuminate\Pipeline\Pipeline->then(Object(Closure))
#19 D:\phpStudy2018\PHPTutorial\WWW\CRM\vendor\laravel\framework\src\Illuminate\Routing\Router.php(629): Illuminate\Routing\Router->runRouteWithinStack(Object(Illuminate\Routing\Route), Object(Illuminate\Http\Request))
#20 D:\phpStudy2018\PHPTutorial\WWW\CRM\vendor\laravel\framework\src\Illuminate\Routing\Router.php(607): Illuminate\Routing\Router->dispatchToRoute(Object(Illuminate\Http\Request))
#21 D:\phpStudy2018\PHPTutorial\WWW\CRM\vendor\laravel\framework\src\Illuminate\Foundation\Http\Kernel.php(271): Illuminate\Routing\Router->dispatch(Object(Illuminate\Http\Request))
#22 D:\phpStudy2018\PHPTutorial\WWW\CRM\vendor\laravel\framework\src\Illuminate\Routing\Pipeline.php(53): Illuminate\Foundation\Http\Kernel->Illuminate\Foundation\Http\{closure}(Object(Illuminate\Http\Request))
#23 D:\phpStudy2018\PHPTutorial\WWW\CRM\vendor\barryvdh\laravel-debugbar\src\Middleware\Debugbar.php(51): Illuminate\Routing\Pipeline->Illuminate\Routing\{closure}(Object(Illuminate\Http\Request))
#24 D:\phpStudy2018\PHPTutorial\WWW\CRM\vendor\laravel\framework\src\Illuminate\Pipeline\Pipeline.php(138): Barryvdh\Debugbar\Middleware\Debugbar->handle(Object(Illuminate\Http\Request), Object(Closure))
#25 D:\phpStudy2018\PHPTutorial\WWW\CRM\vendor\laravel\framework\src\Illuminate\Routing\Pipeline.php(33): Illuminate\Pipeline\Pipeline->Illuminate\Pipeline\{closure}(Object(Illuminate\Http\Request))
#26 D:\phpStudy2018\PHPTutorial\WWW\CRM\vendor\laravel\framework\src\Illuminate\Foundation\Http\Middleware\CheckForMaintenanceMode.php(46): Illuminate\Routing\Pipeline->Illuminate\Routing\{closure}(Object(Illuminate\Http\Request))
#27 D:\phpStudy2018\PHPTutorial\WWW\CRM\vendor\laravel\framework\src\Illuminate\Pipeline\Pipeline.php(138): Illuminate\Foundation\Http\Middleware\CheckForMaintenanceMode->handle(Object(Illuminate\Http\Request), Object(Closure))
#28 D:\phpStudy2018\PHPTutorial\WWW\CRM\vendor\laravel\framework\src\Illuminate\Routing\Pipeline.php(33): Illuminate\Pipeline\Pipeline->Illuminate\Pipeline\{closure}(Object(Illuminate\Http\Request))
#29 D:\phpStudy2018\PHPTutorial\WWW\CRM\vendor\laravel\framework\src\Illuminate\Pipeline\Pipeline.php(105): Illuminate\Routing\Pipeline->Illuminate\Routing\{closure}(Object(Illuminate\Http\Request))
#30 D:\phpStudy2018\PHPTutorial\WWW\CRM\vendor\laravel\framework\src\Illuminate\Foundation\Http\Kernel.php(151): Illuminate\Pipeline\Pipeline->then(Object(Closure))
#31 D:\phpStudy2018\PHPTutorial\WWW\CRM\vendor\laravel\framework\src\Illuminate\Foundation\Http\Kernel.php(118): Illuminate\Foundation\Http\Kernel->sendRequestThroughRouter(Object(Illuminate\Http\Request))
#32 D:\phpStudy2018\PHPTutorial\WWW\CRM\public\index.php(53): Illuminate\Foundation\Http\Kernel->handle(Object(Illuminate\Http\Request))
#33 {main}  
[2019-03-22 17:02:14] local.ERROR: ErrorException: Use of undefined constant TEST_URL - assumed 'TEST_URL' in D:\phpStudy2018\PHPTutorial\WWW\CRM\app\Http\Controllers\Api\ApiAdminController.php:53
Stack trace:
#0 D:\phpStudy2018\PHPTutorial\WWW\CRM\app\Http\Controllers\Api\ApiAdminController.php(53): Illuminate\Foundation\Bootstrap\HandleExceptions->handleError(8, 'Use of undefine...', 'D:\\phpStudy2018...', 53, Array)
#1 [internal function]: App\Http\Controllers\Api\ApiAdminController->test2()
#2 D:\phpStudy2018\PHPTutorial\WWW\CRM\vendor\laravel\framework\src\Illuminate\Routing\Controller.php(55): call_user_func_array(Array, Array)
#3 D:\phpStudy2018\PHPTutorial\WWW\CRM\vendor\laravel\framework\src\Illuminate\Routing\ControllerDispatcher.php(44): Illuminate\Routing\Controller->callAction('test2', Array)
#4 D:\phpStudy2018\PHPTutorial\WWW\CRM\vendor\laravel\framework\src\Illuminate\Routing\Route.php(189): Illuminate\Routing\ControllerDispatcher->dispatch(Object(Illuminate\Routing\Route), Object(App\Http\Controllers\Api\ApiAdminController), 'test2')
#5 D:\phpStudy2018\PHPTutorial\WWW\CRM\vendor\laravel\framework\src\Illuminate\Routing\Route.php(144): Illuminate\Routing\Route->runController()
#6 D:\phpStudy2018\PHPTutorial\WWW\CRM\vendor\laravel\framework\src\Illuminate\Routing\Router.php(653): Illuminate\Routing\Route->run(Object(Illuminate\Http\Request))
#7 D:\phpStudy2018\PHPTutorial\WWW\CRM\vendor\laravel\framework\src\Illuminate\Routing\Pipeline.php(53): Illuminate\Routing\Router->Illuminate\Routing\{closure}(Object(Illuminate\Http\Request))
#8 D:\phpStudy2018\PHPTutorial\WWW\CRM\app\Http\Middleware\ApiAdminToken.php(27): Illuminate\Routing\Pipeline->Illuminate\Routing\{closure}(Object(Illuminate\Http\Request))
#9 D:\phpStudy2018\PHPTutorial\WWW\CRM\vendor\laravel\framework\src\Illuminate\Pipeline\Pipeline.php(138): App\Http\Middleware\ApiAdminToken->handle(Object(Illuminate\Http\Request), Object(Closure))
#10 D:\phpStudy2018\PHPTutorial\WWW\CRM\vendor\laravel\framework\src\Illuminate\Routing\Pipeline.php(33): Illuminate\Pipeline\Pipeline->Illuminate\Pipeline\{closure}(Object(Illuminate\Http\Request))
#11 D:\phpStudy2018\PHPTutorial\WWW\CRM\vendor\laravel\framework\src\Illuminate\Routing\Middleware\SubstituteBindings.php(41): Illuminate\Routing\Pipeline->Illuminate\Routing\{closure}(Object(Illuminate\Http\Request))
#12 D:\phpStudy2018\PHPTutorial\WWW\CRM\vendor\laravel\framework\src\Illuminate\Pipeline\Pipeline.php(138): Illuminate\Routing\Middleware\SubstituteBindings->handle(Object(Illuminate\Http\Request), Object(Closure))
#13 D:\phpStudy2018\PHPTutorial\WWW\CRM\vendor\laravel\framework\src\Illuminate\Routing\Pipeline.php(33): Illuminate\Pipeline\Pipeline->Illuminate\Pipeline\{closure}(Object(Illuminate\Http\Request))
#14 D:\phpStudy2018\PHPTutorial\WWW\CRM\vendor\laravel\framework\src\Illuminate\Routing\Middleware\ThrottleRequests.php(49): Illuminate\Routing\Pipeline->Illuminate\Routing\{closure}(Object(Illuminate\Http\Request))
#15 D:\phpStudy2018\PHPTutorial\WWW\CRM\vendor\laravel\framework\src\Illuminate\Pipeline\Pipeline.php(138): Illuminate\Routing\Middleware\ThrottleRequests->handle(Object(Illuminate\Http\Request), Object(Closure), '60', '1')
#16 D:\phpStudy2018\PHPTutorial\WWW\CRM\vendor\laravel\framework\src\Illuminate\Routing\Pipeline.php(33): Illuminate\Pipeline\Pipeline->Illuminate\Pipeline\{closure}(Object(Illuminate\Http\Request))
#17 D:\phpStudy2018\PHPTutorial\WWW\CRM\vendor\laravel\framework\src\Illuminate\Pipeline\Pipeline.php(105): Illuminate\Routing\Pipeline->Illuminate\Routing\{closure}(Object(Illuminate\Http\Request))
#18 D:\phpStudy2018\PHPTutorial\WWW\CRM\vendor\laravel\framework\src\Illuminate\Routing\Router.php(655): Illuminate\Pipeline\Pipeline->then(Object(Closure))
#19 D:\phpStudy2018\PHPTutorial\WWW\CRM\vendor\laravel\framework\src\Illuminate\Routing\Router.php(629): Illuminate\Routing\Router->runRouteWithinStack(Object(Illuminate\Routing\Route), Object(Illuminate\Http\Request))
#20 D:\phpStudy2018\PHPTutorial\WWW\CRM\vendor\laravel\framework\src\Illuminate\Routing\Router.php(607): Illuminate\Routing\Router->dispatchToRoute(Object(Illuminate\Http\Request))
#21 D:\phpStudy2018\PHPTutorial\WWW\CRM\vendor\laravel\framework\src\Illuminate\Foundation\Http\Kernel.php(271): Illuminate\Routing\Router->dispatch(Object(Illuminate\Http\Request))
#22 D:\phpStudy2018\PHPTutorial\WWW\CRM\vendor\laravel\framework\src\Illuminate\Routing\Pipeline.php(53): Illuminate\Foundation\Http\Kernel->Illuminate\Foundation\Http\{closure}(Object(Illuminate\Http\Request))
#23 D:\phpStudy2018\PHPTutorial\WWW\CRM\vendor\barryvdh\laravel-debugbar\src\Middleware\Debugbar.php(51): Illuminate\Routing\Pipeline->Illuminate\Routing\{closure}(Object(Illuminate\Http\Request))
#24 D:\phpStudy2018\PHPTutorial\WWW\CRM\vendor\laravel\framework\src\Illuminate\Pipeline\Pipeline.php(138): Barryvdh\Debugbar\Middleware\Debugbar->handle(Object(Illuminate\Http\Request), Object(Closure))
#25 D:\phpStudy2018\PHPTutorial\WWW\CRM\vendor\laravel\framework\src\Illuminate\Routing\Pipeline.php(33): Illuminate\Pipeline\Pipeline->Illuminate\Pipeline\{closure}(Object(Illuminate\Http\Request))
#26 D:\phpStudy2018\PHPTutorial\WWW\CRM\vendor\laravel\framework\src\Illuminate\Foundation\Http\Middleware\CheckForMaintenanceMode.php(46): Illuminate\Routing\Pipeline->Illuminate\Routing\{closure}(Object(Illuminate\Http\Request))
#27 D:\phpStudy2018\PHPTutorial\WWW\CRM\vendor\laravel\framework\src\Illuminate\Pipeline\Pipeline.php(138): Illuminate\Foundation\Http\Middleware\CheckForMaintenanceMode->handle(Object(Illuminate\Http\Request), Object(Closure))
#28 D:\phpStudy2018\PHPTutorial\WWW\CRM\vendor\laravel\framework\src\Illuminate\Routing\Pipeline.php(33): Illuminate\Pipeline\Pipeline->Illuminate\Pipeline\{closure}(Object(Illuminate\Http\Request))
#29 D:\phpStudy2018\PHPTutorial\WWW\CRM\vendor\laravel\framework\src\Illuminate\Pipeline\Pipeline.php(105): Illuminate\Routing\Pipeline->Illuminate\Routing\{closure}(Object(Illuminate\Http\Request))
#30 D:\phpStudy2018\PHPTutorial\WWW\CRM\vendor\laravel\framework\src\Illuminate\Foundation\Http\Kernel.php(151): Illuminate\Pipeline\Pipeline->then(Object(Closure))
#31 D:\phpStudy2018\PHPTutorial\WWW\CRM\vendor\laravel\framework\src\Illuminate\Foundation\Http\Kernel.php(118): Illuminate\Foundation\Http\Kernel->sendRequestThroughRouter(Object(Illuminate\Http\Request))
#32 D:\phpStudy2018\PHPTutorial\WWW\CRM\public\index.php(53): Illuminate\Foundation\Http\Kernel->handle(Object(Illuminate\Http\Request))
#33 {main}  
